#
# There is insufficient memory for the Java Runtime Environment to continue.
# Native memory allocation (malloc) failed to allocate 32744 bytes for ChunkPool::allocate
# Possible reasons:
#   The system is out of physical RAM or swap space
#   The process is running with CompressedOops enabled, and the Java Heap may be blocking the growth of the native heap
# Possible solutions:
#   Reduce memory load on the system
#   Increase physical memory or swap space
#   Check if swap backing store is full
#   Decrease Java heap size (-Xmx/-Xms)
#   Decrease number of Java threads
#   Decrease Java thread stack sizes (-Xss)
#   Set larger code cache with -XX:ReservedCodeCacheSize=
#   JVM is running with Unscaled Compressed Oops mode in which the Java heap is
#     placed in the first 4GB address space. The Java Heap base address is the
#     maximum limit for the native heap growth. Please use -XX:HeapBaseMinAddress
#     to set the Java Heap base and to place the Java Heap above 4GB virtual address.
# This output file may be truncated or incomplete.
#
#  Out of Memory Error (t:/workspace/open/src/hotspot/share/memory/arena.cpp:81), pid=260, tid=19532
#
# JRE version: Java(TM) SE Runtime Environment (11.0.6+8) (build 11.0.6+8-LTS)
# Java VM: Java HotSpot(TM) 64-Bit Server VM (11.0.6+8-LTS, mixed mode, tiered, compressed oops, g1 gc, windows-amd64)
# No core dump will be written. Minidumps are not enabled by default on client versions of Windows
#

---------------  S U M M A R Y ------------

Command Line: --add-opens=java.base/java.util=ALL-UNNAMED --add-opens=java.base/java.lang=ALL-UNNAMED --add-opens=java.base/java.lang.invoke=ALL-UNNAMED --add-opens=java.base/java.util=ALL-UNNAMED --add-opens=java.prefs/java.util.prefs=ALL-UNNAMED --add-opens=java.prefs/java.util.prefs=ALL-UNNAMED --add-opens=java.base/java.nio.charset=ALL-UNNAMED --add-opens=java.base/java.net=ALL-UNNAMED --add-opens=java.base/java.util.concurrent.atomic=ALL-UNNAMED -Xmx1536M -Dfile.encoding=windows-1252 -Duser.country=US -Duser.language=en -Duser.variant org.gradle.launcher.daemon.bootstrap.GradleDaemon 7.5

Host: Intel(R) Core(TM) i3-1005G1 CPU @ 1.20GHz, 4 cores, 3G,  Windows 10 , 64 bit Build 22621 (10.0.22621.3672)
Time: Mon Jul  1 00:02:20 2024 SE Asia Standard Time elapsed time: 156 seconds (0d 0h 2m 36s)

---------------  T H R E A D  ---------------

Current thread (0x000001ca50ff9800):  JavaThread "C2 CompilerThread0" daemon [_thread_in_native, id=19532, stack(0x00000047b2100000,0x00000047b2200000)]


Current CompileTask:
C2: 156106 15411       4       java.util.Formatter$Conversion::isGeneral (64 bytes)

Stack: [0x00000047b2100000,0x00000047b2200000]
Native frames: (J=compiled Java code, j=interpreted, Vv=VM code, C=native code)
V  [jvm.dll+0x63679a]
V  [jvm.dll+0x7755bf]
V  [jvm.dll+0x776c65]
V  [jvm.dll+0x7772d3]
V  [jvm.dll+0x25e7f8]
V  [jvm.dll+0xc1e3b]
V  [jvm.dll+0xc219c]
V  [jvm.dll+0xc1cf0]
V  [jvm.dll+0x6159cf]
V  [jvm.dll+0x6684e5]
V  [jvm.dll+0x1a91cd]
V  [jvm.dll+0x218462]
V  [jvm.dll+0x2174fa]
V  [jvm.dll+0x193a2c]
V  [jvm.dll+0x226544]
V  [jvm.dll+0x224b28]
V  [jvm.dll+0x73a9c5]
V  [jvm.dll+0x733905]
V  [jvm.dll+0x635846]
C  [ucrtbase.dll+0x29333]
C  [KERNEL32.DLL+0x1257d]
C  [ntdll.dll+0x5af28]


---------------  P R O C E S S  ---------------

Threads class SMR info:
_java_thread_list=0x000001ca55c73050, length=89, elements={
0x000001ca33e6f000, 0x000001ca50f93000, 0x000001ca50f9d800, 0x000001ca50ff2800,
0x000001ca50ff7800, 0x000001ca50ff9800, 0x000001ca5101a000, 0x000001ca5101d000,
0x000001ca51a64800, 0x000001ca51a92000, 0x000001ca531ce800, 0x000001ca53093000,
0x000001ca534e6000, 0x000001ca533da000, 0x000001ca533d8800, 0x000001ca533d9000,
0x000001ca533db000, 0x000001ca54151000, 0x000001ca54150000, 0x000001ca54154800,
0x000001ca5414e800, 0x000001ca54155000, 0x000001ca54156000, 0x000001ca5415a000,
0x000001ca56602000, 0x000001ca56603000, 0x000001ca5c211000, 0x000001ca5c210800,
0x000001ca565fa800, 0x000001ca565f5000, 0x000001ca565f6000, 0x000001ca565fa000,
0x000001ca565fb800, 0x000001ca565fc800, 0x000001ca565f6800, 0x000001ca565fd000,
0x000001ca565f9000, 0x000001ca565f7800, 0x000001ca565fe000, 0x000001ca565f8800,
0x000001ca56603800, 0x000001ca56601800, 0x000001ca56600800, 0x000001ca565ff000,
0x000001ca565ff800, 0x000001ca5c20b800, 0x000001ca5c206000, 0x000001ca5c206800,
0x000001ca5c20a800, 0x000001ca5c209000, 0x000001ca5c207800, 0x000001ca5c20c800,
0x000001ca5c20e000, 0x000001ca5c208000, 0x000001ca5c20e800, 0x000001ca5c20f800,
0x000001ca5c20a000, 0x000001ca5c214800, 0x000001ca5c212000, 0x000001ca5c213000,
0x000001ca5c213800, 0x000001ca54152000, 0x000001ca54153800, 0x000001ca54152800,
0x000001ca5414e000, 0x000001ca54157000, 0x000001ca54159000, 0x000001ca54158800,
0x000001ca5415b000, 0x000001ca5415b800, 0x000001ca5415c800, 0x000001ca54157800,
0x000001ca55c4f800, 0x000001ca55c4b800, 0x000001ca55c4d800, 0x000001ca55c50000,
0x000001ca55c4a800, 0x000001ca55c4e800, 0x000001ca55c51000, 0x000001ca55c4c000,
0x000001ca55c52000, 0x000001ca55c52800, 0x000001ca55c4d000, 0x000001ca55c57800,
0x000001ca55c53800, 0x000001ca55c54000, 0x000001ca55c55000, 0x000001ca55c56000,
0x000001ca55c56800
}

Java Threads: ( => current thread )
  0x000001ca33e6f000 JavaThread "main" [_thread_blocked, id=6676, stack(0x00000047b1600000,0x00000047b1700000)]
  0x000001ca50f93000 JavaThread "Reference Handler" daemon [_thread_blocked, id=19056, stack(0x00000047b1d00000,0x00000047b1e00000)]
  0x000001ca50f9d800 JavaThread "Finalizer" daemon [_thread_blocked, id=20040, stack(0x00000047b1e00000,0x00000047b1f00000)]
  0x000001ca50ff2800 JavaThread "Signal Dispatcher" daemon [_thread_blocked, id=12800, stack(0x00000047b1f00000,0x00000047b2000000)]
  0x000001ca50ff7800 JavaThread "Attach Listener" daemon [_thread_blocked, id=6704, stack(0x00000047b2000000,0x00000047b2100000)]
=>0x000001ca50ff9800 JavaThread "C2 CompilerThread0" daemon [_thread_in_native, id=19532, stack(0x00000047b2100000,0x00000047b2200000)]
  0x000001ca5101a000 JavaThread "C1 CompilerThread0" daemon [_thread_blocked, id=8420, stack(0x00000047b2200000,0x00000047b2300000)]
  0x000001ca5101d000 JavaThread "Sweeper thread" daemon [_thread_in_vm, id=14384, stack(0x00000047b2300000,0x00000047b2400000)]
  0x000001ca51a64800 JavaThread "Common-Cleaner" daemon [_thread_blocked, id=15916, stack(0x00000047b2400000,0x00000047b2500000)]
  0x000001ca51a92000 JavaThread "Service Thread" daemon [_thread_blocked, id=18356, stack(0x00000047b2500000,0x00000047b2600000)]
  0x000001ca531ce800 JavaThread "Daemon health stats" [_thread_blocked, id=16540, stack(0x00000047b2800000,0x00000047b2900000)]
  0x000001ca53093000 JavaThread "Incoming local TCP Connector on port 53556" [_thread_in_native, id=18524, stack(0x00000047b2900000,0x00000047b2a00000)]
  0x000001ca534e6000 JavaThread "Daemon periodic checks" [_thread_blocked, id=19076, stack(0x00000047b2a00000,0x00000047b2b00000)]
  0x000001ca533da000 JavaThread "Cache worker for journal cache (C:\Users\nobelleon\.gradle\caches\journal-1)" [_thread_blocked, id=2032, stack(0x00000047b3400000,0x00000047b3500000)]
  0x000001ca533d8800 JavaThread "File lock request listener" [_thread_in_native, id=9884, stack(0x00000047b3500000,0x00000047b3600000)]
  0x000001ca533d9000 JavaThread "Cache worker for file hash cache (C:\Users\nobelleon\.gradle\caches\7.5\fileHashes)" [_thread_blocked, id=6260, stack(0x00000047b3600000,0x00000047b3700000)]
  0x000001ca533db000 JavaThread "File watcher server" daemon [_thread_in_native, id=10444, stack(0x00000047b3700000,0x00000047b3800000)]
  0x000001ca54151000 JavaThread "File watcher consumer" daemon [_thread_blocked, id=18056, stack(0x00000047b3800000,0x00000047b3900000)]
  0x000001ca54150000 JavaThread "Cache worker for file content cache (C:\Users\nobelleon\.gradle\caches\7.5\fileContent)" [_thread_blocked, id=18428, stack(0x00000047b3b00000,0x00000047b3c00000)]
  0x000001ca54154800 JavaThread "Cache worker for execution history cache (C:\Users\nobelleon\.gradle\caches\7.5\executionHistory)" [_thread_blocked, id=19012, stack(0x00000047b3e00000,0x00000047b3f00000)]
  0x000001ca5414e800 JavaThread "jar transforms" [_thread_blocked, id=15004, stack(0x00000047b3f00000,0x00000047b4000000)]
  0x000001ca54155000 JavaThread "jar transforms Thread 2" [_thread_blocked, id=15144, stack(0x00000047b4000000,0x00000047b4100000)]
  0x000001ca54156000 JavaThread "jar transforms Thread 3" [_thread_blocked, id=14640, stack(0x00000047b4100000,0x00000047b4200000)]
  0x000001ca5415a000 JavaThread "jar transforms Thread 4" [_thread_blocked, id=10288, stack(0x00000047b4200000,0x00000047b4300000)]
  0x000001ca56602000 JavaThread "Memory manager" [_thread_blocked, id=7808, stack(0x00000047b6d00000,0x00000047b6e00000)]
  0x000001ca56603000 JavaThread "Cache worker for kotlin-dsl (C:\Users\nobelleon\.gradle\caches\7.5\kotlin-dsl)" [_thread_blocked, id=17328, stack(0x00000047b6e00000,0x00000047b6f00000)]
  0x000001ca5c211000 JavaThread "ForkJoinPool.commonPool-worker-5" daemon [_thread_blocked, id=14240, stack(0x00000047b7d00000,0x00000047b7e00000)]
  0x000001ca5c210800 JavaThread "ForkJoinPool.commonPool-worker-7" daemon [_thread_blocked, id=1676, stack(0x00000047b7e00000,0x00000047b7f00000)]
  0x000001ca565fa800 JavaThread "Daemon Thread 2" [_thread_blocked, id=17584, stack(0x00000047b1300000,0x00000047b1400000)]
  0x000001ca565f5000 JavaThread "Handler for socket connection from /127.0.0.1:53556 to /127.0.0.1:53675" [_thread_in_native, id=19352, stack(0x00000047b1400000,0x00000047b1500000)]
  0x000001ca565f6000 JavaThread "Cancel handler" [_thread_blocked, id=10092, stack(0x00000047b1500000,0x00000047b1600000)]
  0x000001ca565fa000 JavaThread "Daemon worker Thread 2" [_thread_blocked, id=1792, stack(0x00000047b2b00000,0x00000047b2c00000)]
  0x000001ca565fb800 JavaThread "Asynchronous log dispatcher for DefaultDaemonConnection: socket connection from /127.0.0.1:53556 to /127.0.0.1:53675" [_thread_blocked, id=2348, stack(0x00000047b2c00000,0x00000047b2d00000)]
  0x000001ca565fc800 JavaThread "Stdin handler" [_thread_blocked, id=18588, stack(0x00000047b2d00000,0x00000047b2e00000)]
  0x000001ca565f6800 JavaThread "Daemon client event forwarder" [_thread_blocked, id=16700, stack(0x00000047b2e00000,0x00000047b2f00000)]
  0x000001ca565fd000 JavaThread "Cache worker for checksums cache (D:\Game Piano Tiles 2 App Project\game_piano_tiles_2_app\android\.gradle\7.5\checksums)" [_thread_blocked, id=18420, stack(0x00000047b2f00000,0x00000047b3000000)]
  0x000001ca565f9000 JavaThread "Cache worker for cache directory md-rule (C:\Users\nobelleon\.gradle\caches\7.5\md-rule)" [_thread_blocked, id=16876, stack(0x00000047b3000000,0x00000047b3100000)]
  0x000001ca565f7800 JavaThread "Cache worker for file hash cache (D:\Game Piano Tiles 2 App Project\game_piano_tiles_2_app\android\.gradle\7.5\fileHashes)" [_thread_blocked, id=13860, stack(0x00000047b3100000,0x00000047b3200000)]
  0x000001ca565fe000 JavaThread "Cache worker for cache directory md-supplier (C:\Users\nobelleon\.gradle\caches\7.5\md-supplier)" [_thread_blocked, id=19872, stack(0x00000047b3900000,0x00000047b3a00000)]
  0x000001ca565f8800 JavaThread "Cache worker for dependencies-accessors (D:\Game Piano Tiles 2 App Project\game_piano_tiles_2_app\android\.gradle\7.5\dependencies-accessors)" [_thread_blocked, id=11216, stack(0x00000047b3a00000,0x00000047b3b00000)]
  0x000001ca56603800 JavaThread "Cache worker for Build Output Cleanup Cache (D:\Game Piano Tiles 2 App Project\game_piano_tiles_2_app\android\.gradle\buildOutputCleanup)" [_thread_blocked, id=19720, stack(0x00000047b3c00000,0x00000047b3d00000)]
  0x000001ca56601800 JavaThread "Unconstrained build operations" [_thread_blocked, id=15164, stack(0x00000047b3d00000,0x00000047b3e00000)]
  0x000001ca56600800 JavaThread "Unconstrained build operations Thread 2" [_thread_blocked, id=14364, stack(0x00000047b4300000,0x00000047b4400000)]
  0x000001ca565ff000 JavaThread "Unconstrained build operations Thread 3" [_thread_blocked, id=19732, stack(0x00000047b4400000,0x00000047b4500000)]
  0x000001ca565ff800 JavaThread "Unconstrained build operations Thread 4" [_thread_blocked, id=11916, stack(0x00000047b4500000,0x00000047b4600000)]
  0x000001ca5c20b800 JavaThread "Unconstrained build operations Thread 5" [_thread_blocked, id=14400, stack(0x00000047b4600000,0x00000047b4700000)]
  0x000001ca5c206000 JavaThread "Unconstrained build operations Thread 6" [_thread_blocked, id=4784, stack(0x00000047b4700000,0x00000047b4800000)]
  0x000001ca5c206800 JavaThread "Unconstrained build operations Thread 7" [_thread_blocked, id=18332, stack(0x00000047b4800000,0x00000047b4900000)]
  0x000001ca5c20a800 JavaThread "Unconstrained build operations Thread 8" [_thread_blocked, id=12128, stack(0x00000047b4900000,0x00000047b4a00000)]
  0x000001ca5c209000 JavaThread "Unconstrained build operations Thread 9" [_thread_blocked, id=19248, stack(0x00000047b4a00000,0x00000047b4b00000)]
  0x000001ca5c207800 JavaThread "Unconstrained build operations Thread 10" [_thread_blocked, id=6372, stack(0x00000047b4b00000,0x00000047b4c00000)]
  0x000001ca5c20c800 JavaThread "Unconstrained build operations Thread 11" [_thread_blocked, id=20220, stack(0x00000047b4c00000,0x00000047b4d00000)]
  0x000001ca5c20e000 JavaThread "Unconstrained build operations Thread 12" [_thread_blocked, id=11608, stack(0x00000047b4d00000,0x00000047b4e00000)]
  0x000001ca5c208000 JavaThread "Unconstrained build operations Thread 13" [_thread_blocked, id=4592, stack(0x00000047b4e00000,0x00000047b4f00000)]
  0x000001ca5c20e800 JavaThread "Unconstrained build operations Thread 14" [_thread_blocked, id=6496, stack(0x00000047b4f00000,0x00000047b5000000)]
  0x000001ca5c20f800 JavaThread "Unconstrained build operations Thread 15" [_thread_blocked, id=6512, stack(0x00000047b5000000,0x00000047b5100000)]
  0x000001ca5c20a000 JavaThread "Unconstrained build operations Thread 16" [_thread_blocked, id=20344, stack(0x00000047b5100000,0x00000047b5200000)]
  0x000001ca5c214800 JavaThread "Unconstrained build operations Thread 17" [_thread_blocked, id=15544, stack(0x00000047b5200000,0x00000047b5300000)]
  0x000001ca5c212000 JavaThread "Unconstrained build operations Thread 18" [_thread_blocked, id=13104, stack(0x00000047b5300000,0x00000047b5400000)]
  0x000001ca5c213000 JavaThread "Unconstrained build operations Thread 19" [_thread_blocked, id=11820, stack(0x00000047b5400000,0x00000047b5500000)]
  0x000001ca5c213800 JavaThread "Unconstrained build operations Thread 20" [_thread_blocked, id=1892, stack(0x00000047b5500000,0x00000047b5600000)]
  0x000001ca54152000 JavaThread "Unconstrained build operations Thread 21" [_thread_blocked, id=20352, stack(0x00000047b5600000,0x00000047b5700000)]
  0x000001ca54153800 JavaThread "Unconstrained build operations Thread 22" [_thread_blocked, id=16536, stack(0x00000047b5700000,0x00000047b5800000)]
  0x000001ca54152800 JavaThread "Unconstrained build operations Thread 23" [_thread_blocked, id=19368, stack(0x00000047b5800000,0x00000047b5900000)]
  0x000001ca5414e000 JavaThread "Unconstrained build operations Thread 24" [_thread_blocked, id=15856, stack(0x00000047b5900000,0x00000047b5a00000)]
  0x000001ca54157000 JavaThread "Unconstrained build operations Thread 25" [_thread_blocked, id=4968, stack(0x00000047b5a00000,0x00000047b5b00000)]
  0x000001ca54159000 JavaThread "Unconstrained build operations Thread 26" [_thread_blocked, id=18780, stack(0x00000047b5b00000,0x00000047b5c00000)]
  0x000001ca54158800 JavaThread "Unconstrained build operations Thread 27" [_thread_blocked, id=20432, stack(0x00000047b5c00000,0x00000047b5d00000)]
  0x000001ca5415b000 JavaThread "Unconstrained build operations Thread 28" [_thread_blocked, id=6420, stack(0x00000047b5d00000,0x00000047b5e00000)]
  0x000001ca5415b800 JavaThread "Unconstrained build operations Thread 29" [_thread_blocked, id=7232, stack(0x00000047b5e00000,0x00000047b5f00000)]
  0x000001ca5415c800 JavaThread "Unconstrained build operations Thread 30" [_thread_blocked, id=19576, stack(0x00000047b5f00000,0x00000047b6000000)]
  0x000001ca54157800 JavaThread "Unconstrained build operations Thread 31" [_thread_blocked, id=3076, stack(0x00000047b6000000,0x00000047b6100000)]
  0x000001ca55c4f800 JavaThread "Unconstrained build operations Thread 32" [_thread_blocked, id=10804, stack(0x00000047b6100000,0x00000047b6200000)]
  0x000001ca55c4b800 JavaThread "Unconstrained build operations Thread 33" [_thread_blocked, id=14376, stack(0x00000047b6200000,0x00000047b6300000)]
  0x000001ca55c4d800 JavaThread "Unconstrained build operations Thread 34" [_thread_blocked, id=19156, stack(0x00000047b6300000,0x00000047b6400000)]
  0x000001ca55c50000 JavaThread "Unconstrained build operations Thread 35" [_thread_blocked, id=4348, stack(0x00000047b6400000,0x00000047b6500000)]
  0x000001ca55c4a800 JavaThread "Unconstrained build operations Thread 36" [_thread_blocked, id=17556, stack(0x00000047b6500000,0x00000047b6600000)]
  0x000001ca55c4e800 JavaThread "Unconstrained build operations Thread 37" [_thread_blocked, id=16108, stack(0x00000047b6600000,0x00000047b6700000)]
  0x000001ca55c51000 JavaThread "Unconstrained build operations Thread 38" [_thread_blocked, id=1068, stack(0x00000047b6700000,0x00000047b6800000)]
  0x000001ca55c4c000 JavaThread "Unconstrained build operations Thread 39" [_thread_blocked, id=12688, stack(0x00000047b6800000,0x00000047b6900000)]
  0x000001ca55c52000 JavaThread "Unconstrained build operations Thread 40" [_thread_blocked, id=18084, stack(0x00000047b6900000,0x00000047b6a00000)]
  0x000001ca55c52800 JavaThread "included builds" [_thread_blocked, id=9020, stack(0x00000047b6a00000,0x00000047b6b00000)]
  0x000001ca55c4d000 JavaThread "Execution worker" [_thread_blocked, id=19856, stack(0x00000047b6b00000,0x00000047b6c00000)]
  0x000001ca55c57800 JavaThread "Execution worker Thread 2" [_thread_blocked, id=2684, stack(0x00000047b6c00000,0x00000047b6d00000)]
  0x000001ca55c53800 JavaThread "Execution worker Thread 3" [_thread_blocked, id=18592, stack(0x00000047b6f00000,0x00000047b7000000)]
  0x000001ca55c54000 JavaThread "Cache worker for execution history cache (D:\Game Piano Tiles 2 App Project\game_piano_tiles_2_app\android\.gradle\7.5\executionHistory)" [_thread_blocked, id=17052, stack(0x00000047b7000000,0x00000047b7100000)]
  0x000001ca55c55000 JavaThread "Exec process Thread 4" [_thread_in_native, id=10600, stack(0x00000047b7100000,0x00000047b7200000)]
  0x000001ca55c56000 JavaThread "Exec process Thread 5" [_thread_in_native, id=5320, stack(0x00000047b7200000,0x00000047b7300000)]
  0x000001ca55c56800 JavaThread "Exec process Thread 6" [_thread_in_native, id=3668, stack(0x00000047b7300000,0x00000047b7400000)]

Other Threads:
  0x000001ca50f6f000 VMThread "VM Thread" [stack: 0x00000047b1c00000,0x00000047b1d00000] [id=15476]
  0x000001ca51a9c000 WatcherThread [stack: 0x00000047b2600000,0x00000047b2700000] [id=8820]
  0x000001ca33e85800 GCTaskThread "GC Thread#0" [stack: 0x00000047b1700000,0x00000047b1800000] [id=17996]
  0x000001ca51f9a800 GCTaskThread "GC Thread#1" [stack: 0x00000047b2700000,0x00000047b2800000] [id=19536]
  0x000001ca52740800 GCTaskThread "GC Thread#2" [stack: 0x00000047b3200000,0x00000047b3300000] [id=8324]
  0x000001ca53737800 GCTaskThread "GC Thread#3" [stack: 0x00000047b3300000,0x00000047b3400000] [id=3984]
  0x000001ca33eac000 ConcurrentGCThread "G1 Main Marker" [stack: 0x00000047b1800000,0x00000047b1900000] [id=19816]
  0x000001ca33eae000 ConcurrentGCThread "G1 Conc#0" [stack: 0x00000047b1900000,0x00000047b1a00000] [id=12364]
  0x000001ca33ef8800 ConcurrentGCThread "G1 Refine#0" [stack: 0x00000047b1a00000,0x00000047b1b00000] [id=9988]
  0x000001ca33ef9800 ConcurrentGCThread "G1 Young RemSet Sampling" [stack: 0x00000047b1b00000,0x00000047b1c00000] [id=16776]

Threads with active compile tasks:
C2 CompilerThread015411       4       java.util.Formatter$Conversion::isGeneral (64 bytes)

VM state:not at safepoint (normal execution)

VM Mutex/Monitor currently owned by a thread:  ([mutex/lock_event])
[0x000001ca33e65e30] CodeCache_lock - owner thread: 0x000001ca5101d000

Heap address: 0x00000000a0000000, size: 1536 MB, Compressed Oops mode: 32-bit
Narrow klass base: 0x0000000000000000, Narrow klass shift: 3
Compressed class space size: 1073741824 Address: 0x0000000100000000

Heap:
 garbage-first heap   total 363520K, used 160468K [0x00000000a0000000, 0x0000000100000000)
  region size 1024K, 25 young (25600K), 13 survivors (13312K)
 Metaspace       used 105176K, capacity 108609K, committed 108876K, reserved 1142784K
  class space    used 13701K, capacity 14907K, committed 14976K, reserved 1048576K
Heap Regions: E=young(eden), S=young(survivor), O=old, HS=humongous(starts), HC=humongous(continues), CS=collection set, F=free, A=archive, TAMS=top-at-mark-start (previous, next)
|   0|0x00000000a0000000, 0x00000000a0100000, 0x00000000a0100000|100%|HS|  |TAMS 0x00000000a0100000, 0x00000000a0000000| Complete 
|   1|0x00000000a0100000, 0x00000000a0200000, 0x00000000a0200000|100%|HC|  |TAMS 0x00000000a0200000, 0x00000000a0100000| Complete 
|   2|0x00000000a0200000, 0x00000000a0300000, 0x00000000a0300000|100%|HC|  |TAMS 0x00000000a0300000, 0x00000000a0200000| Complete 
|   3|0x00000000a0300000, 0x00000000a0400000, 0x00000000a0400000|100%| O|  |TAMS 0x00000000a0400000, 0x00000000a0300000| Untracked 
|   4|0x00000000a0400000, 0x00000000a0500000, 0x00000000a0500000|100%| O|  |TAMS 0x00000000a0500000, 0x00000000a0400000| Untracked 
|   5|0x00000000a0500000, 0x00000000a0600000, 0x00000000a0600000|100%| O|  |TAMS 0x00000000a0600000, 0x00000000a0500000| Untracked 
|   6|0x00000000a0600000, 0x00000000a0700000, 0x00000000a0700000|100%| O|  |TAMS 0x00000000a0700000, 0x00000000a0600000| Untracked 
|   7|0x00000000a0700000, 0x00000000a0800000, 0x00000000a0800000|100%| O|  |TAMS 0x00000000a0800000, 0x00000000a0700000| Untracked 
|   8|0x00000000a0800000, 0x00000000a0900000, 0x00000000a0900000|100%| O|  |TAMS 0x00000000a0900000, 0x00000000a0800000| Untracked 
|   9|0x00000000a0900000, 0x00000000a0a00000, 0x00000000a0a00000|100%| O|  |TAMS 0x00000000a0a00000, 0x00000000a0900000| Untracked 
|  10|0x00000000a0a00000, 0x00000000a0b00000, 0x00000000a0b00000|100%| O|  |TAMS 0x00000000a0b00000, 0x00000000a0a00000| Untracked 
|  11|0x00000000a0b00000, 0x00000000a0c00000, 0x00000000a0c00000|100%| O|  |TAMS 0x00000000a0c00000, 0x00000000a0b00000| Untracked 
|  12|0x00000000a0c00000, 0x00000000a0d00000, 0x00000000a0d00000|100%| O|  |TAMS 0x00000000a0d00000, 0x00000000a0c00000| Untracked 
|  13|0x00000000a0d00000, 0x00000000a0e00000, 0x00000000a0e00000|100%| O|  |TAMS 0x00000000a0e00000, 0x00000000a0d00000| Untracked 
|  14|0x00000000a0e00000, 0x00000000a0f00000, 0x00000000a0f00000|100%| O|  |TAMS 0x00000000a0f00000, 0x00000000a0e00000| Untracked 
|  15|0x00000000a0f00000, 0x00000000a1000000, 0x00000000a1000000|100%| O|  |TAMS 0x00000000a1000000, 0x00000000a0f00000| Untracked 
|  16|0x00000000a1000000, 0x00000000a1100000, 0x00000000a1100000|100%| O|  |TAMS 0x00000000a1100000, 0x00000000a1000000| Untracked 
|  17|0x00000000a1100000, 0x00000000a1200000, 0x00000000a1200000|100%| O|  |TAMS 0x00000000a1200000, 0x00000000a1100000| Untracked 
|  18|0x00000000a1200000, 0x00000000a1300000, 0x00000000a1300000|100%| O|  |TAMS 0x00000000a1300000, 0x00000000a1200000| Untracked 
|  19|0x00000000a1300000, 0x00000000a1400000, 0x00000000a1400000|100%| O|  |TAMS 0x00000000a1400000, 0x00000000a1300000| Untracked 
|  20|0x00000000a1400000, 0x00000000a1500000, 0x00000000a1500000|100%| O|  |TAMS 0x00000000a1500000, 0x00000000a1400000| Untracked 
|  21|0x00000000a1500000, 0x00000000a1600000, 0x00000000a1600000|100%| O|  |TAMS 0x00000000a1600000, 0x00000000a1500000| Untracked 
|  22|0x00000000a1600000, 0x00000000a1700000, 0x00000000a1700000|100%| O|  |TAMS 0x00000000a1700000, 0x00000000a1600000| Untracked 
|  23|0x00000000a1700000, 0x00000000a1800000, 0x00000000a1800000|100%| O|  |TAMS 0x00000000a1800000, 0x00000000a1700000| Untracked 
|  24|0x00000000a1800000, 0x00000000a1900000, 0x00000000a1900000|100%| O|  |TAMS 0x00000000a1900000, 0x00000000a1800000| Untracked 
|  25|0x00000000a1900000, 0x00000000a1a00000, 0x00000000a1a00000|100%| O|  |TAMS 0x00000000a1a00000, 0x00000000a1900000| Untracked 
|  26|0x00000000a1a00000, 0x00000000a1b00000, 0x00000000a1b00000|100%| O|  |TAMS 0x00000000a1b00000, 0x00000000a1a00000| Untracked 
|  27|0x00000000a1b00000, 0x00000000a1c00000, 0x00000000a1c00000|100%| O|  |TAMS 0x00000000a1c00000, 0x00000000a1b00000| Untracked 
|  28|0x00000000a1c00000, 0x00000000a1d00000, 0x00000000a1d00000|100%| O|  |TAMS 0x00000000a1d00000, 0x00000000a1c00000| Untracked 
|  29|0x00000000a1d00000, 0x00000000a1e00000, 0x00000000a1e00000|100%| O|  |TAMS 0x00000000a1e00000, 0x00000000a1d00000| Untracked 
|  30|0x00000000a1e00000, 0x00000000a1f00000, 0x00000000a1f00000|100%| O|  |TAMS 0x00000000a1f00000, 0x00000000a1e00000| Untracked 
|  31|0x00000000a1f00000, 0x00000000a2000000, 0x00000000a2000000|100%| O|  |TAMS 0x00000000a2000000, 0x00000000a1f00000| Untracked 
|  32|0x00000000a2000000, 0x00000000a2100000, 0x00000000a2100000|100%| O|  |TAMS 0x00000000a2100000, 0x00000000a2000000| Untracked 
|  33|0x00000000a2100000, 0x00000000a2200000, 0x00000000a2200000|100%| O|  |TAMS 0x00000000a2200000, 0x00000000a2100000| Untracked 
|  34|0x00000000a2200000, 0x00000000a2300000, 0x00000000a2300000|100%| O|  |TAMS 0x00000000a2300000, 0x00000000a2200000| Untracked 
|  35|0x00000000a2300000, 0x00000000a2400000, 0x00000000a2400000|100%|HS|  |TAMS 0x00000000a2400000, 0x00000000a2300000| Complete 
|  36|0x00000000a2400000, 0x00000000a2500000, 0x00000000a2500000|100%|HS|  |TAMS 0x00000000a2500000, 0x00000000a2400000| Complete 
|  37|0x00000000a2500000, 0x00000000a2600000, 0x00000000a2600000|100%|HS|  |TAMS 0x00000000a2600000, 0x00000000a2500000| Complete 
|  38|0x00000000a2600000, 0x00000000a2700000, 0x00000000a2700000|100%| O|  |TAMS 0x00000000a2700000, 0x00000000a2600000| Untracked 
|  39|0x00000000a2700000, 0x00000000a2800000, 0x00000000a2800000|100%| O|  |TAMS 0x00000000a2800000, 0x00000000a2700000| Untracked 
|  40|0x00000000a2800000, 0x00000000a2900000, 0x00000000a2900000|100%| O|  |TAMS 0x00000000a2900000, 0x00000000a2800000| Untracked 
|  41|0x00000000a2900000, 0x00000000a2a00000, 0x00000000a2a00000|100%|HS|  |TAMS 0x00000000a2a00000, 0x00000000a2900000| Complete 
|  42|0x00000000a2a00000, 0x00000000a2b00000, 0x00000000a2b00000|100%|HC|  |TAMS 0x00000000a2b00000, 0x00000000a2a00000| Complete 
|  43|0x00000000a2b00000, 0x00000000a2c00000, 0x00000000a2c00000|100%|HC|  |TAMS 0x00000000a2c00000, 0x00000000a2b00000| Complete 
|  44|0x00000000a2c00000, 0x00000000a2d00000, 0x00000000a2d00000|100%|HS|  |TAMS 0x00000000a2d00000, 0x00000000a2c00000| Complete 
|  45|0x00000000a2d00000, 0x00000000a2e00000, 0x00000000a2e00000|100%|HC|  |TAMS 0x00000000a2e00000, 0x00000000a2d00000| Complete 
|  46|0x00000000a2e00000, 0x00000000a2f00000, 0x00000000a2f00000|100%| O|  |TAMS 0x00000000a2f00000, 0x00000000a2e00000| Untracked 
|  47|0x00000000a2f00000, 0x00000000a3000000, 0x00000000a3000000|100%| O|  |TAMS 0x00000000a3000000, 0x00000000a2f00000| Untracked 
|  48|0x00000000a3000000, 0x00000000a3100000, 0x00000000a3100000|100%| O|  |TAMS 0x00000000a3100000, 0x00000000a3000000| Untracked 
|  49|0x00000000a3100000, 0x00000000a3200000, 0x00000000a3200000|100%| O|  |TAMS 0x00000000a3200000, 0x00000000a3100000| Untracked 
|  50|0x00000000a3200000, 0x00000000a3300000, 0x00000000a3300000|100%| O|  |TAMS 0x00000000a3300000, 0x00000000a3200000| Untracked 
|  51|0x00000000a3300000, 0x00000000a3400000, 0x00000000a3400000|100%| O|  |TAMS 0x00000000a3400000, 0x00000000a3300000| Untracked 
|  52|0x00000000a3400000, 0x00000000a3500000, 0x00000000a3500000|100%| O|  |TAMS 0x00000000a3500000, 0x00000000a3400000| Untracked 
|  53|0x00000000a3500000, 0x00000000a3600000, 0x00000000a3600000|100%| O|  |TAMS 0x00000000a3600000, 0x00000000a3500000| Untracked 
|  54|0x00000000a3600000, 0x00000000a3700000, 0x00000000a3700000|100%| O|  |TAMS 0x00000000a3700000, 0x00000000a3600000| Untracked 
|  55|0x00000000a3700000, 0x00000000a3800000, 0x00000000a3800000|100%| O|  |TAMS 0x00000000a3800000, 0x00000000a3700000| Untracked 
|  56|0x00000000a3800000, 0x00000000a3900000, 0x00000000a3900000|100%| O|  |TAMS 0x00000000a3900000, 0x00000000a3800000| Untracked 
|  57|0x00000000a3900000, 0x00000000a3a00000, 0x00000000a3a00000|100%| O|  |TAMS 0x00000000a3a00000, 0x00000000a3900000| Untracked 
|  58|0x00000000a3a00000, 0x00000000a3b00000, 0x00000000a3b00000|100%| O|  |TAMS 0x00000000a3b00000, 0x00000000a3a00000| Untracked 
|  59|0x00000000a3b00000, 0x00000000a3c00000, 0x00000000a3c00000|100%| O|  |TAMS 0x00000000a3c00000, 0x00000000a3b00000| Untracked 
|  60|0x00000000a3c00000, 0x00000000a3d00000, 0x00000000a3d00000|100%| O|  |TAMS 0x00000000a3d00000, 0x00000000a3c00000| Untracked 
|  61|0x00000000a3d00000, 0x00000000a3e00000, 0x00000000a3e00000|100%| O|  |TAMS 0x00000000a3e00000, 0x00000000a3d00000| Untracked 
|  62|0x00000000a3e00000, 0x00000000a3f00000, 0x00000000a3f00000|100%| O|  |TAMS 0x00000000a3f00000, 0x00000000a3e00000| Untracked 
|  63|0x00000000a3f00000, 0x00000000a4000000, 0x00000000a4000000|100%|HS|  |TAMS 0x00000000a4000000, 0x00000000a3f00000| Complete 
|  64|0x00000000a4000000, 0x00000000a4100000, 0x00000000a4100000|100%|HS|  |TAMS 0x00000000a4100000, 0x00000000a4000000| Complete 
|  65|0x00000000a4100000, 0x00000000a4200000, 0x00000000a4200000|100%| O|  |TAMS 0x00000000a4200000, 0x00000000a4100000| Untracked 
|  66|0x00000000a4200000, 0x00000000a4300000, 0x00000000a4300000|100%| O|  |TAMS 0x00000000a4300000, 0x00000000a4200000| Untracked 
|  67|0x00000000a4300000, 0x00000000a4400000, 0x00000000a4400000|100%| O|  |TAMS 0x00000000a4400000, 0x00000000a4300000| Untracked 
|  68|0x00000000a4400000, 0x00000000a4500000, 0x00000000a4500000|100%| O|  |TAMS 0x00000000a4500000, 0x00000000a4400000| Untracked 
|  69|0x00000000a4500000, 0x00000000a4600000, 0x00000000a4600000|100%| O|  |TAMS 0x00000000a4600000, 0x00000000a4500000| Untracked 
|  70|0x00000000a4600000, 0x00000000a4700000, 0x00000000a4700000|100%| O|  |TAMS 0x00000000a4700000, 0x00000000a4600000| Untracked 
|  71|0x00000000a4700000, 0x00000000a4800000, 0x00000000a4800000|100%| O|  |TAMS 0x00000000a4800000, 0x00000000a4700000| Untracked 
|  72|0x00000000a4800000, 0x00000000a4900000, 0x00000000a4900000|100%| O|  |TAMS 0x00000000a4900000, 0x00000000a4800000| Untracked 
|  73|0x00000000a4900000, 0x00000000a4a00000, 0x00000000a4a00000|100%| O|  |TAMS 0x00000000a4a00000, 0x00000000a4900000| Untracked 
|  74|0x00000000a4a00000, 0x00000000a4b00000, 0x00000000a4b00000|100%| O|  |TAMS 0x00000000a4b00000, 0x00000000a4a00000| Untracked 
|  75|0x00000000a4b00000, 0x00000000a4c00000, 0x00000000a4c00000|100%| O|  |TAMS 0x00000000a4c00000, 0x00000000a4b00000| Untracked 
|  76|0x00000000a4c00000, 0x00000000a4d00000, 0x00000000a4d00000|100%| O|  |TAMS 0x00000000a4d00000, 0x00000000a4c00000| Untracked 
|  77|0x00000000a4d00000, 0x00000000a4e00000, 0x00000000a4e00000|100%| O|  |TAMS 0x00000000a4e00000, 0x00000000a4d00000| Untracked 
|  78|0x00000000a4e00000, 0x00000000a4f00000, 0x00000000a4f00000|100%| O|  |TAMS 0x00000000a4f00000, 0x00000000a4e00000| Untracked 
|  79|0x00000000a4f00000, 0x00000000a5000000, 0x00000000a5000000|100%| O|  |TAMS 0x00000000a5000000, 0x00000000a4f00000| Untracked 
|  80|0x00000000a5000000, 0x00000000a5100000, 0x00000000a5100000|100%| O|  |TAMS 0x00000000a5100000, 0x00000000a5000000| Untracked 
|  81|0x00000000a5100000, 0x00000000a5200000, 0x00000000a5200000|100%| O|  |TAMS 0x00000000a5200000, 0x00000000a5100000| Untracked 
|  82|0x00000000a5200000, 0x00000000a5300000, 0x00000000a5300000|100%| O|  |TAMS 0x00000000a5300000, 0x00000000a5200000| Untracked 
|  83|0x00000000a5300000, 0x00000000a5400000, 0x00000000a5400000|100%| O|  |TAMS 0x00000000a5400000, 0x00000000a5300000| Untracked 
|  84|0x00000000a5400000, 0x00000000a5500000, 0x00000000a5500000|100%| O|  |TAMS 0x00000000a5500000, 0x00000000a5400000| Untracked 
|  85|0x00000000a5500000, 0x00000000a5600000, 0x00000000a5600000|100%| O|  |TAMS 0x00000000a5600000, 0x00000000a5500000| Untracked 
|  86|0x00000000a5600000, 0x00000000a5700000, 0x00000000a5700000|100%|HS|  |TAMS 0x00000000a5700000, 0x00000000a5600000| Complete 
|  87|0x00000000a5700000, 0x00000000a5800000, 0x00000000a5800000|100%|HC|  |TAMS 0x00000000a5800000, 0x00000000a5700000| Complete 
|  88|0x00000000a5800000, 0x00000000a5900000, 0x00000000a5900000|100%|HC|  |TAMS 0x00000000a5900000, 0x00000000a5800000| Complete 
|  89|0x00000000a5900000, 0x00000000a5a00000, 0x00000000a5a00000|100%|HS|  |TAMS 0x00000000a5a00000, 0x00000000a5900000| Complete 
|  90|0x00000000a5a00000, 0x00000000a5b00000, 0x00000000a5b00000|100%|HC|  |TAMS 0x00000000a5b00000, 0x00000000a5a00000| Complete 
|  91|0x00000000a5b00000, 0x00000000a5c00000, 0x00000000a5c00000|100%| O|  |TAMS 0x00000000a5c00000, 0x00000000a5b00000| Untracked 
|  92|0x00000000a5c00000, 0x00000000a5d00000, 0x00000000a5d00000|100%| O|  |TAMS 0x00000000a5d00000, 0x00000000a5c00000| Untracked 
|  93|0x00000000a5d00000, 0x00000000a5e00000, 0x00000000a5e00000|100%| O|  |TAMS 0x00000000a5e00000, 0x00000000a5d00000| Untracked 
|  94|0x00000000a5e00000, 0x00000000a5f00000, 0x00000000a5f00000|100%| O|  |TAMS 0x00000000a5f00000, 0x00000000a5e00000| Untracked 
|  95|0x00000000a5f00000, 0x00000000a6000000, 0x00000000a6000000|100%| O|  |TAMS 0x00000000a6000000, 0x00000000a5f00000| Untracked 
|  96|0x00000000a6000000, 0x00000000a6100000, 0x00000000a6100000|100%| O|  |TAMS 0x00000000a6100000, 0x00000000a6000000| Untracked 
|  97|0x00000000a6100000, 0x00000000a6200000, 0x00000000a6200000|100%| O|  |TAMS 0x00000000a6200000, 0x00000000a6100000| Untracked 
|  98|0x00000000a6200000, 0x00000000a6300000, 0x00000000a6300000|100%| O|  |TAMS 0x00000000a6300000, 0x00000000a6200000| Untracked 
|  99|0x00000000a6300000, 0x00000000a6400000, 0x00000000a6400000|100%| O|  |TAMS 0x00000000a6400000, 0x00000000a6300000| Untracked 
| 100|0x00000000a6400000, 0x00000000a6500000, 0x00000000a6500000|100%| O|  |TAMS 0x00000000a6500000, 0x00000000a6400000| Untracked 
| 101|0x00000000a6500000, 0x00000000a6600000, 0x00000000a6600000|100%| O|  |TAMS 0x00000000a6600000, 0x00000000a6500000| Untracked 
| 102|0x00000000a6600000, 0x00000000a6700000, 0x00000000a6700000|100%| O|  |TAMS 0x00000000a6700000, 0x00000000a6600000| Untracked 
| 103|0x00000000a6700000, 0x00000000a6800000, 0x00000000a6800000|100%| O|  |TAMS 0x00000000a6800000, 0x00000000a6700000| Untracked 
| 104|0x00000000a6800000, 0x00000000a6900000, 0x00000000a6900000|100%| O|  |TAMS 0x00000000a6900000, 0x00000000a6800000| Untracked 
| 105|0x00000000a6900000, 0x00000000a6a00000, 0x00000000a6a00000|100%| O|  |TAMS 0x00000000a6a00000, 0x00000000a6900000| Untracked 
| 106|0x00000000a6a00000, 0x00000000a6b00000, 0x00000000a6b00000|100%| O|  |TAMS 0x00000000a6b00000, 0x00000000a6a00000| Untracked 
| 107|0x00000000a6b00000, 0x00000000a6c00000, 0x00000000a6c00000|100%| O|  |TAMS 0x00000000a6c00000, 0x00000000a6b00000| Untracked 
| 108|0x00000000a6c00000, 0x00000000a6d00000, 0x00000000a6d00000|100%| O|  |TAMS 0x00000000a6d00000, 0x00000000a6c00000| Untracked 
| 109|0x00000000a6d00000, 0x00000000a6e00000, 0x00000000a6e00000|100%| O|  |TAMS 0x00000000a6e00000, 0x00000000a6d00000| Untracked 
| 110|0x00000000a6e00000, 0x00000000a6f00000, 0x00000000a6f00000|100%| O|  |TAMS 0x00000000a6f00000, 0x00000000a6e00000| Untracked 
| 111|0x00000000a6f00000, 0x00000000a7000000, 0x00000000a7000000|100%| O|  |TAMS 0x00000000a7000000, 0x00000000a6f00000| Untracked 
| 112|0x00000000a7000000, 0x00000000a7100000, 0x00000000a7100000|100%| O|  |TAMS 0x00000000a7100000, 0x00000000a7000000| Untracked 
| 113|0x00000000a7100000, 0x00000000a7200000, 0x00000000a7200000|100%| O|  |TAMS 0x00000000a7200000, 0x00000000a7100000| Untracked 
| 114|0x00000000a7200000, 0x00000000a7300000, 0x00000000a7300000|100%| O|  |TAMS 0x00000000a7300000, 0x00000000a7200000| Untracked 
| 115|0x00000000a7300000, 0x00000000a7400000, 0x00000000a7400000|100%| O|  |TAMS 0x00000000a7400000, 0x00000000a7300000| Untracked 
| 116|0x00000000a7400000, 0x00000000a7500000, 0x00000000a7500000|100%| O|  |TAMS 0x00000000a7500000, 0x00000000a7400000| Untracked 
| 117|0x00000000a7500000, 0x00000000a7600000, 0x00000000a7600000|100%| O|  |TAMS 0x00000000a7600000, 0x00000000a7500000| Untracked 
| 118|0x00000000a7600000, 0x00000000a7700000, 0x00000000a7700000|100%| O|  |TAMS 0x00000000a7700000, 0x00000000a7600000| Untracked 
| 119|0x00000000a7700000, 0x00000000a7800000, 0x00000000a7800000|100%| O|  |TAMS 0x00000000a7800000, 0x00000000a7700000| Untracked 
| 120|0x00000000a7800000, 0x00000000a7900000, 0x00000000a7900000|100%| O|  |TAMS 0x00000000a7900000, 0x00000000a7800000| Untracked 
| 121|0x00000000a7900000, 0x00000000a7a00000, 0x00000000a7a00000|100%| O|  |TAMS 0x00000000a7a00000, 0x00000000a7900000| Untracked 
| 122|0x00000000a7a00000, 0x00000000a7b00000, 0x00000000a7b00000|100%| O|  |TAMS 0x00000000a7b00000, 0x00000000a7a00000| Untracked 
| 123|0x00000000a7b00000, 0x00000000a7c00000, 0x00000000a7c00000|100%| O|  |TAMS 0x00000000a7c00000, 0x00000000a7b00000| Untracked 
| 124|0x00000000a7c00000, 0x00000000a7d00000, 0x00000000a7d00000|100%| O|  |TAMS 0x00000000a7d00000, 0x00000000a7c00000| Untracked 
| 125|0x00000000a7d00000, 0x00000000a7e00000, 0x00000000a7e00000|100%| O|  |TAMS 0x00000000a7e00000, 0x00000000a7d00000| Untracked 
| 126|0x00000000a7e00000, 0x00000000a7f00000, 0x00000000a7f00000|100%| O|  |TAMS 0x00000000a7f00000, 0x00000000a7e00000| Untracked 
| 127|0x00000000a7f00000, 0x00000000a8000000, 0x00000000a8000000|100%| O|  |TAMS 0x00000000a8000000, 0x00000000a7f00000| Untracked 
| 128|0x00000000a8000000, 0x00000000a8100000, 0x00000000a8100000|100%| O|  |TAMS 0x00000000a8100000, 0x00000000a8000000| Untracked 
| 129|0x00000000a8100000, 0x00000000a8200000, 0x00000000a8200000|100%| O|  |TAMS 0x00000000a8200000, 0x00000000a8100000| Untracked 
| 130|0x00000000a8200000, 0x00000000a8300000, 0x00000000a8300000|100%| O|  |TAMS 0x00000000a8300000, 0x00000000a8200000| Untracked 
| 131|0x00000000a8300000, 0x00000000a8400000, 0x00000000a8400000|100%| O|  |TAMS 0x00000000a8300000, 0x00000000a8300000| Untracked 
| 132|0x00000000a8400000, 0x00000000a84b5000, 0x00000000a8500000| 70%| O|  |TAMS 0x00000000a8400000, 0x00000000a8400000| Untracked 
| 133|0x00000000a8500000, 0x00000000a8500000, 0x00000000a8600000|  0%| F|  |TAMS 0x00000000a8500000, 0x00000000a8500000| Untracked 
| 134|0x00000000a8600000, 0x00000000a8600000, 0x00000000a8700000|  0%| F|  |TAMS 0x00000000a8600000, 0x00000000a8600000| Untracked 
| 135|0x00000000a8700000, 0x00000000a8700000, 0x00000000a8800000|  0%| F|  |TAMS 0x00000000a8700000, 0x00000000a8700000| Untracked 
| 136|0x00000000a8800000, 0x00000000a8800000, 0x00000000a8900000|  0%| F|  |TAMS 0x00000000a8800000, 0x00000000a8800000| Untracked 
| 137|0x00000000a8900000, 0x00000000a8900000, 0x00000000a8a00000|  0%| F|  |TAMS 0x00000000a8900000, 0x00000000a8900000| Untracked 
| 138|0x00000000a8a00000, 0x00000000a8a00000, 0x00000000a8b00000|  0%| F|  |TAMS 0x00000000a8a00000, 0x00000000a8a00000| Untracked 
| 139|0x00000000a8b00000, 0x00000000a8b00000, 0x00000000a8c00000|  0%| F|  |TAMS 0x00000000a8b00000, 0x00000000a8b00000| Untracked 
| 140|0x00000000a8c00000, 0x00000000a8c00000, 0x00000000a8d00000|  0%| F|  |TAMS 0x00000000a8c00000, 0x00000000a8c00000| Untracked 
| 141|0x00000000a8d00000, 0x00000000a8d00000, 0x00000000a8e00000|  0%| F|  |TAMS 0x00000000a8d00000, 0x00000000a8d00000| Untracked 
| 142|0x00000000a8e00000, 0x00000000a8e00000, 0x00000000a8f00000|  0%| F|  |TAMS 0x00000000a8e00000, 0x00000000a8e00000| Untracked 
| 143|0x00000000a8f00000, 0x00000000a8f00000, 0x00000000a9000000|  0%| F|  |TAMS 0x00000000a8f00000, 0x00000000a8f00000| Untracked 
| 144|0x00000000a9000000, 0x00000000a9000000, 0x00000000a9100000|  0%| F|  |TAMS 0x00000000a9000000, 0x00000000a9000000| Untracked 
| 145|0x00000000a9100000, 0x00000000a9100000, 0x00000000a9200000|  0%| F|  |TAMS 0x00000000a9100000, 0x00000000a9100000| Untracked 
| 146|0x00000000a9200000, 0x00000000a9200000, 0x00000000a9300000|  0%| F|  |TAMS 0x00000000a9200000, 0x00000000a9200000| Untracked 
| 147|0x00000000a9300000, 0x00000000a9300000, 0x00000000a9400000|  0%| F|  |TAMS 0x00000000a9300000, 0x00000000a9300000| Untracked 
| 148|0x00000000a9400000, 0x00000000a9400000, 0x00000000a9500000|  0%| F|  |TAMS 0x00000000a9400000, 0x00000000a9400000| Untracked 
| 149|0x00000000a9500000, 0x00000000a9500000, 0x00000000a9600000|  0%| F|  |TAMS 0x00000000a9500000, 0x00000000a9500000| Untracked 
| 150|0x00000000a9600000, 0x00000000a9600000, 0x00000000a9700000|  0%| F|  |TAMS 0x00000000a9600000, 0x00000000a9600000| Untracked 
| 151|0x00000000a9700000, 0x00000000a9700000, 0x00000000a9800000|  0%| F|  |TAMS 0x00000000a9700000, 0x00000000a9700000| Untracked 
| 152|0x00000000a9800000, 0x00000000a9800000, 0x00000000a9900000|  0%| F|  |TAMS 0x00000000a9800000, 0x00000000a9800000| Untracked 
| 153|0x00000000a9900000, 0x00000000a9900000, 0x00000000a9a00000|  0%| F|  |TAMS 0x00000000a9900000, 0x00000000a9900000| Untracked 
| 154|0x00000000a9a00000, 0x00000000a9a00000, 0x00000000a9b00000|  0%| F|  |TAMS 0x00000000a9a00000, 0x00000000a9a00000| Untracked 
| 155|0x00000000a9b00000, 0x00000000a9b00000, 0x00000000a9c00000|  0%| F|  |TAMS 0x00000000a9b00000, 0x00000000a9b00000| Untracked 
| 156|0x00000000a9c00000, 0x00000000a9c00000, 0x00000000a9d00000|  0%| F|  |TAMS 0x00000000a9c00000, 0x00000000a9c00000| Untracked 
| 157|0x00000000a9d00000, 0x00000000a9d00000, 0x00000000a9e00000|  0%| F|  |TAMS 0x00000000a9d00000, 0x00000000a9d00000| Untracked 
| 158|0x00000000a9e00000, 0x00000000a9e00000, 0x00000000a9f00000|  0%| F|  |TAMS 0x00000000a9e00000, 0x00000000a9e00000| Untracked 
| 159|0x00000000a9f00000, 0x00000000a9f00000, 0x00000000aa000000|  0%| F|  |TAMS 0x00000000a9f00000, 0x00000000a9f00000| Untracked 
| 160|0x00000000aa000000, 0x00000000aa000000, 0x00000000aa100000|  0%| F|  |TAMS 0x00000000aa000000, 0x00000000aa000000| Untracked 
| 161|0x00000000aa100000, 0x00000000aa100000, 0x00000000aa200000|  0%| F|  |TAMS 0x00000000aa100000, 0x00000000aa100000| Untracked 
| 162|0x00000000aa200000, 0x00000000aa200000, 0x00000000aa300000|  0%| F|  |TAMS 0x00000000aa200000, 0x00000000aa200000| Untracked 
| 163|0x00000000aa300000, 0x00000000aa300000, 0x00000000aa400000|  0%| F|  |TAMS 0x00000000aa300000, 0x00000000aa300000| Untracked 
| 164|0x00000000aa400000, 0x00000000aa400000, 0x00000000aa500000|  0%| F|  |TAMS 0x00000000aa400000, 0x00000000aa400000| Untracked 
| 165|0x00000000aa500000, 0x00000000aa500000, 0x00000000aa600000|  0%| F|  |TAMS 0x00000000aa500000, 0x00000000aa500000| Untracked 
| 166|0x00000000aa600000, 0x00000000aa600000, 0x00000000aa700000|  0%| F|  |TAMS 0x00000000aa600000, 0x00000000aa600000| Untracked 
| 167|0x00000000aa700000, 0x00000000aa700000, 0x00000000aa800000|  0%| F|  |TAMS 0x00000000aa700000, 0x00000000aa700000| Untracked 
| 168|0x00000000aa800000, 0x00000000aa800000, 0x00000000aa900000|  0%| F|  |TAMS 0x00000000aa800000, 0x00000000aa800000| Untracked 
| 169|0x00000000aa900000, 0x00000000aa900000, 0x00000000aaa00000|  0%| F|  |TAMS 0x00000000aa900000, 0x00000000aa900000| Untracked 
| 170|0x00000000aaa00000, 0x00000000aaa00000, 0x00000000aab00000|  0%| F|  |TAMS 0x00000000aaa00000, 0x00000000aaa00000| Untracked 
| 171|0x00000000aab00000, 0x00000000aab00000, 0x00000000aac00000|  0%| F|  |TAMS 0x00000000aab00000, 0x00000000aab00000| Untracked 
| 172|0x00000000aac00000, 0x00000000aac00000, 0x00000000aad00000|  0%| F|  |TAMS 0x00000000aac00000, 0x00000000aac00000| Untracked 
| 173|0x00000000aad00000, 0x00000000aad00000, 0x00000000aae00000|  0%| F|  |TAMS 0x00000000aad00000, 0x00000000aad00000| Untracked 
| 174|0x00000000aae00000, 0x00000000aae00000, 0x00000000aaf00000|  0%| F|  |TAMS 0x00000000aae00000, 0x00000000aae00000| Untracked 
| 175|0x00000000aaf00000, 0x00000000aaf00000, 0x00000000ab000000|  0%| F|  |TAMS 0x00000000aaf00000, 0x00000000aaf00000| Untracked 
| 176|0x00000000ab000000, 0x00000000ab000000, 0x00000000ab100000|  0%| F|  |TAMS 0x00000000ab000000, 0x00000000ab000000| Untracked 
| 177|0x00000000ab100000, 0x00000000ab100000, 0x00000000ab200000|  0%| F|  |TAMS 0x00000000ab100000, 0x00000000ab100000| Untracked 
| 178|0x00000000ab200000, 0x00000000ab200000, 0x00000000ab300000|  0%| F|  |TAMS 0x00000000ab200000, 0x00000000ab200000| Untracked 
| 179|0x00000000ab300000, 0x00000000ab300000, 0x00000000ab400000|  0%| F|  |TAMS 0x00000000ab300000, 0x00000000ab300000| Untracked 
| 180|0x00000000ab400000, 0x00000000ab400000, 0x00000000ab500000|  0%| F|  |TAMS 0x00000000ab400000, 0x00000000ab400000| Untracked 
| 181|0x00000000ab500000, 0x00000000ab500000, 0x00000000ab600000|  0%| F|  |TAMS 0x00000000ab500000, 0x00000000ab500000| Untracked 
| 182|0x00000000ab600000, 0x00000000ab600000, 0x00000000ab700000|  0%| F|  |TAMS 0x00000000ab600000, 0x00000000ab600000| Untracked 
| 183|0x00000000ab700000, 0x00000000ab700000, 0x00000000ab800000|  0%| F|  |TAMS 0x00000000ab700000, 0x00000000ab700000| Untracked 
| 184|0x00000000ab800000, 0x00000000ab800000, 0x00000000ab900000|  0%| F|  |TAMS 0x00000000ab800000, 0x00000000ab800000| Untracked 
| 185|0x00000000ab900000, 0x00000000ab900000, 0x00000000aba00000|  0%| F|  |TAMS 0x00000000ab900000, 0x00000000ab900000| Untracked 
| 186|0x00000000aba00000, 0x00000000aba00000, 0x00000000abb00000|  0%| F|  |TAMS 0x00000000aba00000, 0x00000000aba00000| Untracked 
| 187|0x00000000abb00000, 0x00000000abb00000, 0x00000000abc00000|  0%| F|  |TAMS 0x00000000abb00000, 0x00000000abb00000| Untracked 
| 188|0x00000000abc00000, 0x00000000abc00000, 0x00000000abd00000|  0%| F|  |TAMS 0x00000000abc00000, 0x00000000abc00000| Untracked 
| 189|0x00000000abd00000, 0x00000000abd00000, 0x00000000abe00000|  0%| F|  |TAMS 0x00000000abd00000, 0x00000000abd00000| Untracked 
| 190|0x00000000abe00000, 0x00000000abe00000, 0x00000000abf00000|  0%| F|  |TAMS 0x00000000abe00000, 0x00000000abe00000| Untracked 
| 191|0x00000000abf00000, 0x00000000abf00000, 0x00000000ac000000|  0%| F|  |TAMS 0x00000000abf00000, 0x00000000abf00000| Untracked 
| 192|0x00000000ac000000, 0x00000000ac000000, 0x00000000ac100000|  0%| F|  |TAMS 0x00000000ac000000, 0x00000000ac000000| Untracked 
| 193|0x00000000ac100000, 0x00000000ac100000, 0x00000000ac200000|  0%| F|  |TAMS 0x00000000ac100000, 0x00000000ac100000| Untracked 
| 194|0x00000000ac200000, 0x00000000ac200000, 0x00000000ac300000|  0%| F|  |TAMS 0x00000000ac200000, 0x00000000ac200000| Untracked 
| 195|0x00000000ac300000, 0x00000000ac300000, 0x00000000ac400000|  0%| F|  |TAMS 0x00000000ac300000, 0x00000000ac300000| Untracked 
| 196|0x00000000ac400000, 0x00000000ac400000, 0x00000000ac500000|  0%| F|  |TAMS 0x00000000ac400000, 0x00000000ac400000| Untracked 
| 197|0x00000000ac500000, 0x00000000ac500000, 0x00000000ac600000|  0%| F|  |TAMS 0x00000000ac500000, 0x00000000ac500000| Untracked 
| 198|0x00000000ac600000, 0x00000000ac600000, 0x00000000ac700000|  0%| F|  |TAMS 0x00000000ac600000, 0x00000000ac600000| Untracked 
| 199|0x00000000ac700000, 0x00000000ac700000, 0x00000000ac800000|  0%| F|  |TAMS 0x00000000ac700000, 0x00000000ac700000| Untracked 
| 200|0x00000000ac800000, 0x00000000ac800000, 0x00000000ac900000|  0%| F|  |TAMS 0x00000000ac800000, 0x00000000ac800000| Untracked 
| 201|0x00000000ac900000, 0x00000000ac900000, 0x00000000aca00000|  0%| F|  |TAMS 0x00000000ac900000, 0x00000000ac900000| Untracked 
| 202|0x00000000aca00000, 0x00000000aca00000, 0x00000000acb00000|  0%| F|  |TAMS 0x00000000aca00000, 0x00000000aca00000| Untracked 
| 203|0x00000000acb00000, 0x00000000acb00000, 0x00000000acc00000|  0%| F|  |TAMS 0x00000000acb00000, 0x00000000acb00000| Untracked 
| 204|0x00000000acc00000, 0x00000000acc00000, 0x00000000acd00000|  0%| F|  |TAMS 0x00000000acc00000, 0x00000000acc00000| Untracked 
| 205|0x00000000acd00000, 0x00000000acd00000, 0x00000000ace00000|  0%| F|  |TAMS 0x00000000acd00000, 0x00000000acd00000| Untracked 
| 206|0x00000000ace00000, 0x00000000ace00000, 0x00000000acf00000|  0%| F|  |TAMS 0x00000000ace00000, 0x00000000ace00000| Untracked 
| 207|0x00000000acf00000, 0x00000000acf00000, 0x00000000ad000000|  0%| F|  |TAMS 0x00000000acf00000, 0x00000000acf00000| Untracked 
| 208|0x00000000ad000000, 0x00000000ad000000, 0x00000000ad100000|  0%| F|  |TAMS 0x00000000ad000000, 0x00000000ad000000| Untracked 
| 209|0x00000000ad100000, 0x00000000ad100000, 0x00000000ad200000|  0%| F|  |TAMS 0x00000000ad100000, 0x00000000ad100000| Untracked 
| 210|0x00000000ad200000, 0x00000000ad200000, 0x00000000ad300000|  0%| F|  |TAMS 0x00000000ad200000, 0x00000000ad200000| Untracked 
| 211|0x00000000ad300000, 0x00000000ad300000, 0x00000000ad400000|  0%| F|  |TAMS 0x00000000ad300000, 0x00000000ad300000| Untracked 
| 212|0x00000000ad400000, 0x00000000ad400000, 0x00000000ad500000|  0%| F|  |TAMS 0x00000000ad400000, 0x00000000ad400000| Untracked 
| 213|0x00000000ad500000, 0x00000000ad500000, 0x00000000ad600000|  0%| F|  |TAMS 0x00000000ad500000, 0x00000000ad500000| Untracked 
| 214|0x00000000ad600000, 0x00000000ad600000, 0x00000000ad700000|  0%| F|  |TAMS 0x00000000ad600000, 0x00000000ad600000| Untracked 
| 215|0x00000000ad700000, 0x00000000ad700000, 0x00000000ad800000|  0%| F|  |TAMS 0x00000000ad700000, 0x00000000ad700000| Untracked 
| 216|0x00000000ad800000, 0x00000000ad800000, 0x00000000ad900000|  0%| F|  |TAMS 0x00000000ad800000, 0x00000000ad800000| Untracked 
| 217|0x00000000ad900000, 0x00000000ad900000, 0x00000000ada00000|  0%| F|  |TAMS 0x00000000ad900000, 0x00000000ad900000| Untracked 
| 218|0x00000000ada00000, 0x00000000ada00000, 0x00000000adb00000|  0%| F|  |TAMS 0x00000000ada00000, 0x00000000ada00000| Untracked 
| 219|0x00000000adb00000, 0x00000000adb00000, 0x00000000adc00000|  0%| F|  |TAMS 0x00000000adb00000, 0x00000000adb00000| Untracked 
| 220|0x00000000adc00000, 0x00000000adc00000, 0x00000000add00000|  0%| F|  |TAMS 0x00000000adc00000, 0x00000000adc00000| Untracked 
| 221|0x00000000add00000, 0x00000000add00000, 0x00000000ade00000|  0%| F|  |TAMS 0x00000000add00000, 0x00000000add00000| Untracked 
| 222|0x00000000ade00000, 0x00000000ade00000, 0x00000000adf00000|  0%| F|  |TAMS 0x00000000ade00000, 0x00000000ade00000| Untracked 
| 223|0x00000000adf00000, 0x00000000adf00000, 0x00000000ae000000|  0%| F|  |TAMS 0x00000000adf00000, 0x00000000adf00000| Untracked 
| 224|0x00000000ae000000, 0x00000000ae000000, 0x00000000ae100000|  0%| F|  |TAMS 0x00000000ae000000, 0x00000000ae000000| Untracked 
| 225|0x00000000ae100000, 0x00000000ae100000, 0x00000000ae200000|  0%| F|  |TAMS 0x00000000ae100000, 0x00000000ae100000| Untracked 
| 226|0x00000000ae200000, 0x00000000ae200000, 0x00000000ae300000|  0%| F|  |TAMS 0x00000000ae200000, 0x00000000ae200000| Untracked 
| 227|0x00000000ae300000, 0x00000000ae300000, 0x00000000ae400000|  0%| F|  |TAMS 0x00000000ae300000, 0x00000000ae300000| Untracked 
| 228|0x00000000ae400000, 0x00000000ae400000, 0x00000000ae500000|  0%| F|  |TAMS 0x00000000ae400000, 0x00000000ae400000| Untracked 
| 229|0x00000000ae500000, 0x00000000ae500000, 0x00000000ae600000|  0%| F|  |TAMS 0x00000000ae500000, 0x00000000ae500000| Untracked 
| 230|0x00000000ae600000, 0x00000000ae600000, 0x00000000ae700000|  0%| F|  |TAMS 0x00000000ae600000, 0x00000000ae600000| Untracked 
| 231|0x00000000ae700000, 0x00000000ae700000, 0x00000000ae800000|  0%| F|  |TAMS 0x00000000ae700000, 0x00000000ae700000| Untracked 
| 232|0x00000000ae800000, 0x00000000ae800000, 0x00000000ae900000|  0%| F|  |TAMS 0x00000000ae800000, 0x00000000ae800000| Untracked 
| 233|0x00000000ae900000, 0x00000000ae900000, 0x00000000aea00000|  0%| F|  |TAMS 0x00000000ae900000, 0x00000000ae900000| Untracked 
| 234|0x00000000aea00000, 0x00000000aea00000, 0x00000000aeb00000|  0%| F|  |TAMS 0x00000000aea00000, 0x00000000aea00000| Untracked 
| 235|0x00000000aeb00000, 0x00000000aeb00000, 0x00000000aec00000|  0%| F|  |TAMS 0x00000000aeb00000, 0x00000000aeb00000| Untracked 
| 236|0x00000000aec00000, 0x00000000aec00000, 0x00000000aed00000|  0%| F|  |TAMS 0x00000000aec00000, 0x00000000aec00000| Untracked 
| 237|0x00000000aed00000, 0x00000000aed00000, 0x00000000aee00000|  0%| F|  |TAMS 0x00000000aed00000, 0x00000000aed00000| Untracked 
| 238|0x00000000aee00000, 0x00000000aef00000, 0x00000000aef00000|100%| S|CS|TAMS 0x00000000aee00000, 0x00000000aee00000| Complete 
| 239|0x00000000aef00000, 0x00000000af000000, 0x00000000af000000|100%| S|CS|TAMS 0x00000000aef00000, 0x00000000aef00000| Complete 
| 240|0x00000000af000000, 0x00000000af000000, 0x00000000af100000|  0%| F|  |TAMS 0x00000000af000000, 0x00000000af000000| Untracked 
| 241|0x00000000af100000, 0x00000000af100000, 0x00000000af200000|  0%| F|  |TAMS 0x00000000af100000, 0x00000000af100000| Untracked 
| 242|0x00000000af200000, 0x00000000af300000, 0x00000000af300000|100%| S|CS|TAMS 0x00000000af200000, 0x00000000af200000| Complete 
| 243|0x00000000af300000, 0x00000000af400000, 0x00000000af400000|100%| S|CS|TAMS 0x00000000af300000, 0x00000000af300000| Complete 
| 244|0x00000000af400000, 0x00000000af500000, 0x00000000af500000|100%| S|CS|TAMS 0x00000000af400000, 0x00000000af400000| Complete 
| 245|0x00000000af500000, 0x00000000af600000, 0x00000000af600000|100%| S|CS|TAMS 0x00000000af500000, 0x00000000af500000| Complete 
| 246|0x00000000af600000, 0x00000000af700000, 0x00000000af700000|100%| S|CS|TAMS 0x00000000af600000, 0x00000000af600000| Complete 
| 247|0x00000000af700000, 0x00000000af800000, 0x00000000af800000|100%| S|CS|TAMS 0x00000000af700000, 0x00000000af700000| Complete 
| 248|0x00000000af800000, 0x00000000af900000, 0x00000000af900000|100%| S|CS|TAMS 0x00000000af800000, 0x00000000af800000| Complete 
| 249|0x00000000af900000, 0x00000000afa00000, 0x00000000afa00000|100%| S|CS|TAMS 0x00000000af900000, 0x00000000af900000| Complete 
| 250|0x00000000afa00000, 0x00000000afb00000, 0x00000000afb00000|100%| S|CS|TAMS 0x00000000afa00000, 0x00000000afa00000| Complete 
| 251|0x00000000afb00000, 0x00000000afc00000, 0x00000000afc00000|100%| S|CS|TAMS 0x00000000afb00000, 0x00000000afb00000| Complete 
| 252|0x00000000afc00000, 0x00000000afd00000, 0x00000000afd00000|100%| S|CS|TAMS 0x00000000afc00000, 0x00000000afc00000| Complete 
| 253|0x00000000afd00000, 0x00000000afd00000, 0x00000000afe00000|  0%| F|  |TAMS 0x00000000afd00000, 0x00000000afd00000| Untracked 
| 254|0x00000000afe00000, 0x00000000afe00000, 0x00000000aff00000|  0%| F|  |TAMS 0x00000000afe00000, 0x00000000afe00000| Untracked 
| 255|0x00000000aff00000, 0x00000000aff00000, 0x00000000b0000000|  0%| F|  |TAMS 0x00000000aff00000, 0x00000000aff00000| Untracked 
| 256|0x00000000b0000000, 0x00000000b0000000, 0x00000000b0100000|  0%| F|  |TAMS 0x00000000b0000000, 0x00000000b0000000| Untracked 
| 257|0x00000000b0100000, 0x00000000b0100000, 0x00000000b0200000|  0%| F|  |TAMS 0x00000000b0100000, 0x00000000b0100000| Untracked 
| 258|0x00000000b0200000, 0x00000000b0200000, 0x00000000b0300000|  0%| F|  |TAMS 0x00000000b0200000, 0x00000000b0200000| Untracked 
| 259|0x00000000b0300000, 0x00000000b0300000, 0x00000000b0400000|  0%| F|  |TAMS 0x00000000b0300000, 0x00000000b0300000| Untracked 
| 260|0x00000000b0400000, 0x00000000b0400000, 0x00000000b0500000|  0%| F|  |TAMS 0x00000000b0400000, 0x00000000b0400000| Untracked 
| 261|0x00000000b0500000, 0x00000000b0500000, 0x00000000b0600000|  0%| F|  |TAMS 0x00000000b0500000, 0x00000000b0500000| Untracked 
| 262|0x00000000b0600000, 0x00000000b0600000, 0x00000000b0700000|  0%| F|  |TAMS 0x00000000b0600000, 0x00000000b0600000| Untracked 
| 263|0x00000000b0700000, 0x00000000b0700000, 0x00000000b0800000|  0%| F|  |TAMS 0x00000000b0700000, 0x00000000b0700000| Untracked 
| 264|0x00000000b0800000, 0x00000000b0800000, 0x00000000b0900000|  0%| F|  |TAMS 0x00000000b0800000, 0x00000000b0800000| Untracked 
| 265|0x00000000b0900000, 0x00000000b0900000, 0x00000000b0a00000|  0%| F|  |TAMS 0x00000000b0900000, 0x00000000b0900000| Untracked 
| 266|0x00000000b0a00000, 0x00000000b0a00000, 0x00000000b0b00000|  0%| F|  |TAMS 0x00000000b0a00000, 0x00000000b0a00000| Untracked 
| 267|0x00000000b0b00000, 0x00000000b0b00000, 0x00000000b0c00000|  0%| F|  |TAMS 0x00000000b0b00000, 0x00000000b0b00000| Untracked 
| 268|0x00000000b0c00000, 0x00000000b0c00000, 0x00000000b0d00000|  0%| F|  |TAMS 0x00000000b0c00000, 0x00000000b0c00000| Untracked 
| 269|0x00000000b0d00000, 0x00000000b0d00000, 0x00000000b0e00000|  0%| F|  |TAMS 0x00000000b0d00000, 0x00000000b0d00000| Untracked 
| 270|0x00000000b0e00000, 0x00000000b0e00000, 0x00000000b0f00000|  0%| F|  |TAMS 0x00000000b0e00000, 0x00000000b0e00000| Untracked 
| 271|0x00000000b0f00000, 0x00000000b0f00000, 0x00000000b1000000|  0%| F|  |TAMS 0x00000000b0f00000, 0x00000000b0f00000| Untracked 
| 272|0x00000000b1000000, 0x00000000b1000000, 0x00000000b1100000|  0%| F|  |TAMS 0x00000000b1000000, 0x00000000b1000000| Untracked 
| 273|0x00000000b1100000, 0x00000000b1100000, 0x00000000b1200000|  0%| F|  |TAMS 0x00000000b1100000, 0x00000000b1100000| Untracked 
| 274|0x00000000b1200000, 0x00000000b1200000, 0x00000000b1300000|  0%| F|  |TAMS 0x00000000b1200000, 0x00000000b1200000| Untracked 
| 275|0x00000000b1300000, 0x00000000b1300000, 0x00000000b1400000|  0%| F|  |TAMS 0x00000000b1300000, 0x00000000b1300000| Untracked 
| 276|0x00000000b1400000, 0x00000000b1400000, 0x00000000b1500000|  0%| F|  |TAMS 0x00000000b1400000, 0x00000000b1400000| Untracked 
| 277|0x00000000b1500000, 0x00000000b1500000, 0x00000000b1600000|  0%| F|  |TAMS 0x00000000b1500000, 0x00000000b1500000| Untracked 
| 278|0x00000000b1600000, 0x00000000b1600000, 0x00000000b1700000|  0%| F|  |TAMS 0x00000000b1600000, 0x00000000b1600000| Untracked 
| 279|0x00000000b1700000, 0x00000000b1700000, 0x00000000b1800000|  0%| F|  |TAMS 0x00000000b1700000, 0x00000000b1700000| Untracked 
| 280|0x00000000b1800000, 0x00000000b1800000, 0x00000000b1900000|  0%| F|  |TAMS 0x00000000b1800000, 0x00000000b1800000| Untracked 
| 281|0x00000000b1900000, 0x00000000b1900000, 0x00000000b1a00000|  0%| F|  |TAMS 0x00000000b1900000, 0x00000000b1900000| Untracked 
| 282|0x00000000b1a00000, 0x00000000b1a00000, 0x00000000b1b00000|  0%| F|  |TAMS 0x00000000b1a00000, 0x00000000b1a00000| Untracked 
| 283|0x00000000b1b00000, 0x00000000b1b00000, 0x00000000b1c00000|  0%| F|  |TAMS 0x00000000b1b00000, 0x00000000b1b00000| Untracked 
| 284|0x00000000b1c00000, 0x00000000b1c00000, 0x00000000b1d00000|  0%| F|  |TAMS 0x00000000b1c00000, 0x00000000b1c00000| Untracked 
| 285|0x00000000b1d00000, 0x00000000b1d00000, 0x00000000b1e00000|  0%| F|  |TAMS 0x00000000b1d00000, 0x00000000b1d00000| Untracked 
| 286|0x00000000b1e00000, 0x00000000b1e00000, 0x00000000b1f00000|  0%| F|  |TAMS 0x00000000b1e00000, 0x00000000b1e00000| Untracked 
| 287|0x00000000b1f00000, 0x00000000b1f00000, 0x00000000b2000000|  0%| F|  |TAMS 0x00000000b1f00000, 0x00000000b1f00000| Untracked 
| 288|0x00000000b2000000, 0x00000000b2000000, 0x00000000b2100000|  0%| F|  |TAMS 0x00000000b2000000, 0x00000000b2000000| Untracked 
| 289|0x00000000b2100000, 0x00000000b2100000, 0x00000000b2200000|  0%| F|  |TAMS 0x00000000b2100000, 0x00000000b2100000| Untracked 
| 290|0x00000000b2200000, 0x00000000b2200000, 0x00000000b2300000|  0%| F|  |TAMS 0x00000000b2200000, 0x00000000b2200000| Untracked 
| 291|0x00000000b2300000, 0x00000000b2300000, 0x00000000b2400000|  0%| F|  |TAMS 0x00000000b2300000, 0x00000000b2300000| Untracked 
| 292|0x00000000b2400000, 0x00000000b2400000, 0x00000000b2500000|  0%| F|  |TAMS 0x00000000b2400000, 0x00000000b2400000| Untracked 
| 293|0x00000000b2500000, 0x00000000b2500000, 0x00000000b2600000|  0%| F|  |TAMS 0x00000000b2500000, 0x00000000b2500000| Untracked 
| 294|0x00000000b2600000, 0x00000000b2600000, 0x00000000b2700000|  0%| F|  |TAMS 0x00000000b2600000, 0x00000000b2600000| Untracked 
| 295|0x00000000b2700000, 0x00000000b2700000, 0x00000000b2800000|  0%| F|  |TAMS 0x00000000b2700000, 0x00000000b2700000| Untracked 
| 296|0x00000000b2800000, 0x00000000b2800000, 0x00000000b2900000|  0%| F|  |TAMS 0x00000000b2800000, 0x00000000b2800000| Untracked 
| 297|0x00000000b2900000, 0x00000000b2900000, 0x00000000b2a00000|  0%| F|  |TAMS 0x00000000b2900000, 0x00000000b2900000| Untracked 
| 298|0x00000000b2a00000, 0x00000000b2a00000, 0x00000000b2b00000|  0%| F|  |TAMS 0x00000000b2a00000, 0x00000000b2a00000| Untracked 
| 299|0x00000000b2b00000, 0x00000000b2b00000, 0x00000000b2c00000|  0%| F|  |TAMS 0x00000000b2b00000, 0x00000000b2b00000| Untracked 
| 300|0x00000000b2c00000, 0x00000000b2c00000, 0x00000000b2d00000|  0%| F|  |TAMS 0x00000000b2c00000, 0x00000000b2c00000| Untracked 
| 301|0x00000000b2d00000, 0x00000000b2d00000, 0x00000000b2e00000|  0%| F|  |TAMS 0x00000000b2d00000, 0x00000000b2d00000| Untracked 
| 302|0x00000000b2e00000, 0x00000000b2e00000, 0x00000000b2f00000|  0%| F|  |TAMS 0x00000000b2e00000, 0x00000000b2e00000| Untracked 
| 303|0x00000000b2f00000, 0x00000000b2f00000, 0x00000000b3000000|  0%| F|  |TAMS 0x00000000b2f00000, 0x00000000b2f00000| Untracked 
| 304|0x00000000b3000000, 0x00000000b3000000, 0x00000000b3100000|  0%| F|  |TAMS 0x00000000b3000000, 0x00000000b3000000| Untracked 
| 305|0x00000000b3100000, 0x00000000b3100000, 0x00000000b3200000|  0%| F|  |TAMS 0x00000000b3100000, 0x00000000b3100000| Untracked 
| 306|0x00000000b3200000, 0x00000000b3200000, 0x00000000b3300000|  0%| F|  |TAMS 0x00000000b3200000, 0x00000000b3200000| Untracked 
| 307|0x00000000b3300000, 0x00000000b3300000, 0x00000000b3400000|  0%| F|  |TAMS 0x00000000b3300000, 0x00000000b3300000| Untracked 
| 308|0x00000000b3400000, 0x00000000b3400000, 0x00000000b3500000|  0%| F|  |TAMS 0x00000000b3400000, 0x00000000b3400000| Untracked 
| 309|0x00000000b3500000, 0x00000000b3500000, 0x00000000b3600000|  0%| F|  |TAMS 0x00000000b3500000, 0x00000000b3500000| Untracked 
| 310|0x00000000b3600000, 0x00000000b3600000, 0x00000000b3700000|  0%| F|  |TAMS 0x00000000b3600000, 0x00000000b3600000| Untracked 
| 311|0x00000000b3700000, 0x00000000b3700000, 0x00000000b3800000|  0%| F|  |TAMS 0x00000000b3700000, 0x00000000b3700000| Untracked 
| 312|0x00000000b3800000, 0x00000000b3800000, 0x00000000b3900000|  0%| F|  |TAMS 0x00000000b3800000, 0x00000000b3800000| Untracked 
| 313|0x00000000b3900000, 0x00000000b3900000, 0x00000000b3a00000|  0%| F|  |TAMS 0x00000000b3900000, 0x00000000b3900000| Untracked 
| 314|0x00000000b3a00000, 0x00000000b3a00000, 0x00000000b3b00000|  0%| F|  |TAMS 0x00000000b3a00000, 0x00000000b3a00000| Untracked 
| 315|0x00000000b3b00000, 0x00000000b3b00000, 0x00000000b3c00000|  0%| F|  |TAMS 0x00000000b3b00000, 0x00000000b3b00000| Untracked 
| 316|0x00000000b3c00000, 0x00000000b3c00000, 0x00000000b3d00000|  0%| F|  |TAMS 0x00000000b3c00000, 0x00000000b3c00000| Untracked 
| 317|0x00000000b3d00000, 0x00000000b3d00000, 0x00000000b3e00000|  0%| F|  |TAMS 0x00000000b3d00000, 0x00000000b3d00000| Untracked 
| 318|0x00000000b3e00000, 0x00000000b3e00000, 0x00000000b3f00000|  0%| F|  |TAMS 0x00000000b3e00000, 0x00000000b3e00000| Untracked 
| 319|0x00000000b3f00000, 0x00000000b3f00000, 0x00000000b4000000|  0%| F|  |TAMS 0x00000000b3f00000, 0x00000000b3f00000| Untracked 
| 320|0x00000000b4000000, 0x00000000b4000000, 0x00000000b4100000|  0%| F|  |TAMS 0x00000000b4000000, 0x00000000b4000000| Untracked 
| 321|0x00000000b4100000, 0x00000000b4100000, 0x00000000b4200000|  0%| F|  |TAMS 0x00000000b4100000, 0x00000000b4100000| Untracked 
| 322|0x00000000b4200000, 0x00000000b4200000, 0x00000000b4300000|  0%| F|  |TAMS 0x00000000b4200000, 0x00000000b4200000| Untracked 
| 323|0x00000000b4300000, 0x00000000b4300000, 0x00000000b4400000|  0%| F|  |TAMS 0x00000000b4300000, 0x00000000b4300000| Untracked 
| 324|0x00000000b4400000, 0x00000000b4400000, 0x00000000b4500000|  0%| F|  |TAMS 0x00000000b4400000, 0x00000000b4400000| Untracked 
| 325|0x00000000b4500000, 0x00000000b4500000, 0x00000000b4600000|  0%| F|  |TAMS 0x00000000b4500000, 0x00000000b4500000| Untracked 
| 326|0x00000000b4600000, 0x00000000b4600000, 0x00000000b4700000|  0%| F|  |TAMS 0x00000000b4600000, 0x00000000b4600000| Untracked 
| 327|0x00000000b4700000, 0x00000000b4700000, 0x00000000b4800000|  0%| F|  |TAMS 0x00000000b4700000, 0x00000000b4700000| Untracked 
| 328|0x00000000b4800000, 0x00000000b4800000, 0x00000000b4900000|  0%| F|  |TAMS 0x00000000b4800000, 0x00000000b4800000| Untracked 
| 329|0x00000000b4900000, 0x00000000b4900000, 0x00000000b4a00000|  0%| F|  |TAMS 0x00000000b4900000, 0x00000000b4900000| Untracked 
| 330|0x00000000b4a00000, 0x00000000b4a00000, 0x00000000b4b00000|  0%| F|  |TAMS 0x00000000b4a00000, 0x00000000b4a00000| Untracked 
| 331|0x00000000b4b00000, 0x00000000b4b00000, 0x00000000b4c00000|  0%| F|  |TAMS 0x00000000b4b00000, 0x00000000b4b00000| Untracked 
| 332|0x00000000b4c00000, 0x00000000b4c00000, 0x00000000b4d00000|  0%| F|  |TAMS 0x00000000b4c00000, 0x00000000b4c00000| Untracked 
| 333|0x00000000b4d00000, 0x00000000b4d00000, 0x00000000b4e00000|  0%| F|  |TAMS 0x00000000b4d00000, 0x00000000b4d00000| Untracked 
| 334|0x00000000b4e00000, 0x00000000b4e00000, 0x00000000b4f00000|  0%| F|  |TAMS 0x00000000b4e00000, 0x00000000b4e00000| Untracked 
| 335|0x00000000b4f00000, 0x00000000b4f00000, 0x00000000b5000000|  0%| F|  |TAMS 0x00000000b4f00000, 0x00000000b4f00000| Untracked 
| 336|0x00000000b5000000, 0x00000000b5000000, 0x00000000b5100000|  0%| F|  |TAMS 0x00000000b5000000, 0x00000000b5000000| Untracked 
| 337|0x00000000b5100000, 0x00000000b5100000, 0x00000000b5200000|  0%| F|  |TAMS 0x00000000b5100000, 0x00000000b5100000| Untracked 
| 338|0x00000000b5200000, 0x00000000b5200000, 0x00000000b5300000|  0%| F|  |TAMS 0x00000000b5200000, 0x00000000b5200000| Untracked 
| 339|0x00000000b5300000, 0x00000000b5300000, 0x00000000b5400000|  0%| F|  |TAMS 0x00000000b5300000, 0x00000000b5300000| Untracked 
| 340|0x00000000b5400000, 0x00000000b5400000, 0x00000000b5500000|  0%| F|  |TAMS 0x00000000b5400000, 0x00000000b5400000| Untracked 
| 341|0x00000000b5500000, 0x00000000b5500000, 0x00000000b5600000|  0%| F|  |TAMS 0x00000000b5500000, 0x00000000b5500000| Untracked 
| 342|0x00000000b5600000, 0x00000000b5600000, 0x00000000b5700000|  0%| F|  |TAMS 0x00000000b5600000, 0x00000000b5600000| Untracked 
| 343|0x00000000b5700000, 0x00000000b5738200, 0x00000000b5800000| 21%| E|  |TAMS 0x00000000b5700000, 0x00000000b5700000| Complete 
| 344|0x00000000b5800000, 0x00000000b5900000, 0x00000000b5900000|100%| E|CS|TAMS 0x00000000b5800000, 0x00000000b5800000| Complete 
| 345|0x00000000b5900000, 0x00000000b5a00000, 0x00000000b5a00000|100%| E|CS|TAMS 0x00000000b5900000, 0x00000000b5900000| Complete 
| 346|0x00000000b5a00000, 0x00000000b5b00000, 0x00000000b5b00000|100%| E|CS|TAMS 0x00000000b5a00000, 0x00000000b5a00000| Complete 
| 347|0x00000000b5b00000, 0x00000000b5c00000, 0x00000000b5c00000|100%| E|CS|TAMS 0x00000000b5b00000, 0x00000000b5b00000| Complete 
| 348|0x00000000b5c00000, 0x00000000b5d00000, 0x00000000b5d00000|100%| E|CS|TAMS 0x00000000b5c00000, 0x00000000b5c00000| Complete 
| 349|0x00000000b5d00000, 0x00000000b5e00000, 0x00000000b5e00000|100%| E|CS|TAMS 0x00000000b5d00000, 0x00000000b5d00000| Complete 
| 350|0x00000000b5e00000, 0x00000000b5f00000, 0x00000000b5f00000|100%| E|CS|TAMS 0x00000000b5e00000, 0x00000000b5e00000| Complete 
| 351|0x00000000b5f00000, 0x00000000b6000000, 0x00000000b6000000|100%| E|CS|TAMS 0x00000000b5f00000, 0x00000000b5f00000| Complete 
| 352|0x00000000b6000000, 0x00000000b6100000, 0x00000000b6100000|100%| E|CS|TAMS 0x00000000b6000000, 0x00000000b6000000| Complete 
| 353|0x00000000b6100000, 0x00000000b6200000, 0x00000000b6200000|100%| E|CS|TAMS 0x00000000b6100000, 0x00000000b6100000| Complete 
| 354|0x00000000b6200000, 0x00000000b6300000, 0x00000000b6300000|100%| E|CS|TAMS 0x00000000b6200000, 0x00000000b6200000| Complete 

Card table byte_map: [0x000001ca4b4f0000,0x000001ca4b7f0000] _byte_map_base: 0x000001ca4aff0000

Marking Bits (Prev, Next): (CMBitMap*) 0x000001ca33ea5468, (CMBitMap*) 0x000001ca33ea54a0
 Prev Bits: [0x000001ca4baf0000, 0x000001ca4d2f0000)
 Next Bits: [0x000001ca4d2f0000, 0x000001ca4eaf0000)

Polling page: 0x000001ca31e50000

Metaspace:

Usage:
  Non-class:     91.51 MB capacity,    89.33 MB ( 98%) used,     1.84 MB (  2%) free+waste,   346.13 KB ( <1%) overhead. 
      Class:     14.56 MB capacity,    13.38 MB ( 92%) used,     1.03 MB (  7%) free+waste,   155.75 KB (  1%) overhead. 
       Both:    106.06 MB capacity,   102.71 MB ( 97%) used,     2.86 MB (  3%) free+waste,   501.88 KB ( <1%) overhead. 

Virtual space:
  Non-class space:       92.00 MB reserved,      91.70 MB (>99%) committed 
      Class space:        1.00 GB reserved,      14.63 MB (  1%) committed 
             Both:        1.09 GB reserved,     106.32 MB ( 10%) committed 

Chunk freelists:
   Non-Class:  768 bytes
       Class:  0 bytes
        Both:  768 bytes

CodeHeap 'non-profiled nmethods': size=120064Kb used=7694Kb max_used=7763Kb free=112369Kb
 bounds [0x000001ca43cb0000, 0x000001ca44450000, 0x000001ca4b1f0000]
CodeHeap 'profiled nmethods': size=120000Kb used=28117Kb max_used=28964Kb free=91882Kb
 bounds [0x000001ca3c780000, 0x000001ca3e420000, 0x000001ca43cb0000]
CodeHeap 'non-nmethods': size=5696Kb used=2341Kb max_used=2391Kb free=3354Kb
 bounds [0x000001ca3c1f0000, 0x000001ca3c460000, 0x000001ca3c780000]
 total_blobs=19391 nmethods=13375 adapters=850
 compilation: enabled
              stopped_count=0, restarted_count=0
 full_count=0

Compilation events (10 events):
Event: 146.091 Thread 0x000001ca5101a000 nmethod 15404 0x000001ca44446410 code [0x000001ca444465c0, 0x000001ca444466d8]
Event: 146.112 Thread 0x000001ca50ff9800 15407       4       jdk.internal.reflect.ClassFileAssembler::emitConstantPoolClass (23 bytes)
Event: 146.117 Thread 0x000001ca50ff9800 nmethod 15407 0x000001ca44446790 code [0x000001ca44446980, 0x000001ca44446d08]
Event: 146.122 Thread 0x000001ca5101a000 15408       3       org.gradle.internal.metaobject.BeanDynamicObject::access$700 (4 bytes)
Event: 146.122 Thread 0x000001ca5101a000 nmethod 15408 0x000001ca3cc65790 code [0x000001ca3cc65940, 0x000001ca3cc65a98]
Event: 146.124 Thread 0x000001ca50ff9800 15409       4       java.lang.String::valueOf (14 bytes)
Event: 146.125 Thread 0x000001ca50ff9800 nmethod 15409 0x000001ca4426a410 code [0x000001ca4426a5a0, 0x000001ca4426a618]
Event: 146.127 Thread 0x000001ca50ff9800 15410       4       jdk.internal.loader.AbstractClassLoaderValue$Sub::hashCode (19 bytes)
Event: 146.129 Thread 0x000001ca50ff9800 nmethod 15410 0x000001ca44447110 code [0x000001ca444472c0, 0x000001ca44447418]
Event: 155.154 Thread 0x000001ca50ff9800 15411       4       java.util.Formatter$Conversion::isGeneral (64 bytes)

GC Heap History (10 events):
Event: 49.247 GC heap before
{Heap before GC invocations=87 (full 0):
 garbage-first heap   total 265216K, used 227184K [0x00000000a0000000, 0x0000000100000000)
  region size 1024K, 24 young (24576K), 3 survivors (3072K)
 Metaspace       used 101832K, capacity 104966K, committed 105036K, reserved 1140736K
  class space    used 13313K, capacity 14448K, committed 14464K, reserved 1048576K
}
Event: 49.254 GC heap after
{Heap after GC invocations=88 (full 0):
 garbage-first heap   total 265216K, used 209387K [0x00000000a0000000, 0x0000000100000000)
  region size 1024K, 3 young (3072K), 3 survivors (3072K)
 Metaspace       used 101832K, capacity 104966K, committed 105036K, reserved 1140736K
  class space    used 13313K, capacity 14448K, committed 14464K, reserved 1048576K
}
Event: 51.364 GC heap before
{Heap before GC invocations=89 (full 0):
 garbage-first heap   total 265216K, used 228843K [0x00000000a0000000, 0x0000000100000000)
  region size 1024K, 23 young (23552K), 3 survivors (3072K)
 Metaspace       used 103364K, capacity 106615K, committed 106828K, reserved 1140736K
  class space    used 13507K, capacity 14683K, committed 14720K, reserved 1048576K
}
Event: 51.399 GC heap after
{Heap after GC invocations=90 (full 0):
 garbage-first heap   total 265216K, used 212185K [0x00000000a0000000, 0x0000000100000000)
  region size 1024K, 3 young (3072K), 3 survivors (3072K)
 Metaspace       used 103364K, capacity 106615K, committed 106828K, reserved 1140736K
  class space    used 13507K, capacity 14683K, committed 14720K, reserved 1048576K
}
Event: 51.556 GC heap before
{Heap before GC invocations=90 (full 0):
 garbage-first heap   total 265216K, used 229593K [0x00000000a0000000, 0x0000000100000000)
  region size 1024K, 21 young (21504K), 3 survivors (3072K)
 Metaspace       used 103561K, capacity 106752K, committed 106828K, reserved 1140736K
  class space    used 13535K, capacity 14685K, committed 14720K, reserved 1048576K
}
Event: 51.561 GC heap after
{Heap after GC invocations=91 (full 0):
 garbage-first heap   total 265216K, used 212476K [0x00000000a0000000, 0x0000000100000000)
  region size 1024K, 1 young (1024K), 1 survivors (1024K)
 Metaspace       used 103561K, capacity 106752K, committed 106828K, reserved 1140736K
  class space    used 13535K, capacity 14685K, committed 14720K, reserved 1048576K
}
Event: 53.994 GC heap before
{Heap before GC invocations=92 (full 0):
 garbage-first heap   total 363520K, used 326140K [0x00000000a0000000, 0x0000000100000000)
  region size 1024K, 20 young (20480K), 1 survivors (1024K)
 Metaspace       used 104198K, capacity 107480K, committed 107724K, reserved 1142784K
  class space    used 13637K, capacity 14798K, committed 14848K, reserved 1048576K
}
Event: 53.997 GC heap after
{Heap after GC invocations=93 (full 0):
 garbage-first heap   total 363520K, used 135413K [0x00000000a0000000, 0x0000000100000000)
  region size 1024K, 2 young (2048K), 2 survivors (2048K)
 Metaspace       used 104198K, capacity 107480K, committed 107724K, reserved 1142784K
  class space    used 13637K, capacity 14798K, committed 14848K, reserved 1048576K
}
Event: 145.491 GC heap before
{Heap before GC invocations=93 (full 0):
 garbage-first heap   total 363520K, used 238837K [0x00000000a0000000, 0x0000000100000000)
  region size 1024K, 104 young (106496K), 2 survivors (2048K)
 Metaspace       used 105161K, capacity 108606K, committed 108876K, reserved 1142784K
  class space    used 13700K, capacity 14906K, committed 14976K, reserved 1048576K
}
Event: 145.624 GC heap after
{Heap after GC invocations=94 (full 0):
 garbage-first heap   total 363520K, used 149204K [0x00000000a0000000, 0x0000000100000000)
  region size 1024K, 13 young (13312K), 13 survivors (13312K)
 Metaspace       used 105161K, capacity 108606K, committed 108876K, reserved 1142784K
  class space    used 13700K, capacity 14906K, committed 14976K, reserved 1048576K
}

Deoptimization events (10 events):
Event: 139.614 Thread 0x000001ca565fa000 Uncommon trap: reason=unstable_if action=reinterpret pc=0x000001ca44287c9c method=org.gradle.cache.internal.DefaultCrossBuildInMemoryCacheFactory$AbstractCrossBuildInMemoryCache.getIfPresentWithoutLock(Ljava/lang/Object;)Ljava/lang/Object; @ 24 c2
Event: 139.767 Thread 0x000001ca565fa000 Uncommon trap: reason=unstable_if action=reinterpret pc=0x000001ca43fd801c method=java.util.Spliterator.getExactSizeIfKnown()J @ 9 c2
Event: 139.997 Thread 0x000001ca565fa000 Uncommon trap: reason=unstable_if action=reinterpret pc=0x000001ca441f0510 method=com.google.common.math.IntMath.log2(ILjava/math/RoundingMode;)I @ 15 c2
Event: 140.169 Thread 0x000001ca565fa000 Uncommon trap: reason=unstable_if action=reinterpret pc=0x000001ca4429f74c method=jdk.internal.misc.Unsafe.convEndian(ZJ)J @ 4 c2
Event: 140.174 Thread 0x000001ca565fa000 Uncommon trap: reason=unstable_if action=reinterpret pc=0x000001ca44270f5c method=com.google.common.cache.LocalCache$Segment.drainReferenceQueues()V @ 21 c2
Event: 142.114 Thread 0x000001ca565fa000 Uncommon trap: reason=null_check action=make_not_entrant pc=0x000001ca443ab828 method=org.gradle.api.internal.collections.CollectionFilter.filter(Ljava/lang/Object;)Ljava/lang/Object; @ 5 c2
Event: 143.907 Thread 0x000001ca54156000 Uncommon trap: reason=unstable_if action=reinterpret pc=0x000001ca443cbdc0 method=java.util.concurrent.ConcurrentLinkedQueue.poll()Ljava/lang/Object; @ 24 c2
Event: 144.433 Thread 0x000001ca565fa000 Uncommon trap: reason=bimorphic_or_optimized_type_check action=maybe_recompile pc=0x000001ca43e7bb54 method=java.lang.Throwable.<init>(Ljava/lang/String;Ljava/lang/Throwable;)V @ 24 c2
Event: 145.429 Thread 0x000001ca55c4d000 Uncommon trap: reason=speculate_null_assert action=make_not_entrant pc=0x000001ca4442bda0 method=org.gradle.api.internal.file.collections.UnpackingVisitor.add(Ljava/lang/Object;)V @ 346 c2
Event: 155.037 Thread 0x000001ca55c56000 Uncommon trap: reason=unstable_if action=reinterpret pc=0x000001ca4422f65c method=org.gradle.internal.logging.text.AbstractLineChoppingStyledTextOutput$2.execute(Lorg/gradle/internal/logging/text/AbstractLineChoppingStyledTextOutput$StateContext;)V @ 34 c

Classes redefined (0 events):
No events

Internal exceptions (10 events):
Event: 53.990 Thread 0x000001ca531eb000 Implicit null exception at 0x000001ca440a5436 to 0x000001ca440a5cfe
Event: 53.991 Thread 0x000001ca531eb000 Implicit null exception at 0x000001ca442b952f to 0x000001ca442b957e
Event: 54.050 Thread 0x000001ca531eb000 Implicit null exception at 0x000001ca442b5293 to 0x000001ca442b5686
Event: 141.634 Thread 0x000001ca565fa000 Exception <a 'sun/nio/fs/WindowsException'{0x00000000b3ebba40}> (0x00000000b3ebba40) thrown at [t:/workspace/open/src/hotspot/share/prims/jni.cpp, line 615]
Event: 142.114 Thread 0x000001ca565fa000 Implicit null exception at 0x000001ca443ab6fe to 0x000001ca443ab816
Event: 144.141 Thread 0x000001ca565fa000 Exception <a 'sun/nio/fs/WindowsException'{0x00000000b16b12c8}> (0x00000000b16b12c8) thrown at [t:/workspace/open/src/hotspot/share/prims/jni.cpp, line 615]
Event: 144.215 Thread 0x000001ca565fa000 Exception <a 'sun/nio/fs/WindowsException'{0x00000000b1555490}> (0x00000000b1555490) thrown at [t:/workspace/open/src/hotspot/share/prims/jni.cpp, line 615]
Event: 144.218 Thread 0x000001ca565fa000 Exception <a 'sun/nio/fs/WindowsException'{0x00000000b1556818}> (0x00000000b1556818) thrown at [t:/workspace/open/src/hotspot/share/prims/jni.cpp, line 615]
Event: 144.219 Thread 0x000001ca565fa000 Exception <a 'sun/nio/fs/WindowsException'{0x00000000b1557bf0}> (0x00000000b1557bf0) thrown at [t:/workspace/open/src/hotspot/share/prims/jni.cpp, line 615]
Event: 144.219 Thread 0x000001ca565fa000 Exception <a 'sun/nio/fs/WindowsException'{0x00000000b1558fc8}> (0x00000000b1558fc8) thrown at [t:/workspace/open/src/hotspot/share/prims/jni.cpp, line 615]

Events (10 events):
Event: 146.153 Thread 0x000001ca55c56000 Thread added: 0x000001ca55c56000
Event: 146.154 Thread 0x000001ca55c56800 Thread added: 0x000001ca55c56800
Event: 146.183 Thread 0x000001ca5101d000 flushing nmethod 0x000001ca3e2a3c90
Event: 146.183 Thread 0x000001ca5101d000 flushing nmethod 0x000001ca3e2a4090
Event: 146.189 Thread 0x000001ca5101d000 flushing nmethod 0x000001ca3e322990
Event: 146.189 Thread 0x000001ca5101d000 flushing nmethod 0x000001ca3e323910
Event: 146.189 Thread 0x000001ca5101d000 flushing nmethod 0x000001ca3e325810
Event: 155.026 Thread 0x000001ca55c56000 Uncommon trap: trap_request=0xffffff4d fr.pc=0x000001ca4422f65c relative=0x00000000000003dc
Event: 155.050 Thread 0x000001ca55c56000 DEOPT PACKING pc=0x000001ca4422f65c sp=0x00000047b72fdd90
Event: 155.050 Thread 0x000001ca55c56000 DEOPT UNPACKING pc=0x000001ca3c1f802f sp=0x00000047b72fdc18 mode 2


Dynamic libraries:
0x00007ff709ff0000 - 0x00007ff70a037000 	C:\Java\jdk-11.0.6\bin\java.exe
0x00007ffc68130000 - 0x00007ffc68347000 	C:\Windows\SYSTEM32\ntdll.dll
0x00007ffc66e90000 - 0x00007ffc66f54000 	C:\Windows\System32\KERNEL32.DLL
0x00007ffc656d0000 - 0x00007ffc65a7d000 	C:\Windows\System32\KERNELBASE.dll
0x00007ffc66f60000 - 0x00007ffc67012000 	C:\Windows\System32\ADVAPI32.dll
0x00007ffc66490000 - 0x00007ffc66537000 	C:\Windows\System32\msvcrt.dll
0x00007ffc66bf0000 - 0x00007ffc66c99000 	C:\Windows\System32\sechost.dll
0x00007ffc65460000 - 0x00007ffc65488000 	C:\Windows\System32\bcrypt.dll
0x00007ffc671e0000 - 0x00007ffc672f4000 	C:\Windows\System32\RPCRT4.dll
0x00007ffc67020000 - 0x00007ffc671ce000 	C:\Windows\System32\USER32.dll
0x00007ffc65530000 - 0x00007ffc65556000 	C:\Windows\System32\win32u.dll
0x00007ffc68060000 - 0x00007ffc68089000 	C:\Windows\System32\GDI32.dll
0x00007ffc65c90000 - 0x00007ffc65da9000 	C:\Windows\System32\gdi32full.dll
0x00007ffc65490000 - 0x00007ffc6552a000 	C:\Windows\System32\msvcp_win.dll
0x00007ffc65b70000 - 0x00007ffc65c81000 	C:\Windows\System32\ucrtbase.dll
0x00007ffc4a2a0000 - 0x00007ffc4a533000 	C:\Windows\WinSxS\amd64_microsoft.windows.common-controls_6595b64144ccf1df_6.0.22621.3672_none_2713b9d173822955\COMCTL32.dll
0x00007ffc61300000 - 0x00007ffc6130a000 	C:\Windows\SYSTEM32\VERSION.dll
0x00007ffc66e30000 - 0x00007ffc66e61000 	C:\Windows\System32\IMM32.DLL
0x00007ffc47860000 - 0x00007ffc47876000 	C:\Java\jdk-11.0.6\bin\vcruntime140.dll
0x00007ffc39410000 - 0x00007ffc394ba000 	C:\Java\jdk-11.0.6\bin\msvcp140.dll
0x00007ffc18510000 - 0x00007ffc19039000 	C:\Java\jdk-11.0.6\bin\server\jvm.dll
0x00007ffc671d0000 - 0x00007ffc671d8000 	C:\Windows\System32\PSAPI.DLL
0x00007ffc5a0b0000 - 0x00007ffc5a0e4000 	C:\Windows\SYSTEM32\WINMM.dll
0x00007ffc48db0000 - 0x00007ffc48db9000 	C:\Windows\SYSTEM32\WSOCK32.dll
0x00007ffc66660000 - 0x00007ffc666d1000 	C:\Windows\System32\WS2_32.dll
0x00007ffc64490000 - 0x00007ffc644a8000 	C:\Windows\SYSTEM32\kernel.appcore.dll
0x00007ffc47560000 - 0x00007ffc47571000 	C:\Java\jdk-11.0.6\bin\verify.dll
0x00007ffc62ce0000 - 0x00007ffc62f12000 	C:\Windows\SYSTEM32\DBGHELP.DLL
0x00007ffc66050000 - 0x00007ffc663d8000 	C:\Windows\System32\combase.dll
0x00007ffc65f70000 - 0x00007ffc66047000 	C:\Windows\System32\OLEAUT32.dll
0x00007ffc393b0000 - 0x00007ffc393e2000 	C:\Windows\SYSTEM32\dbgcore.DLL
0x00007ffc65af0000 - 0x00007ffc65b6b000 	C:\Windows\System32\bcryptPrimitives.dll
0x00007ffc3dd70000 - 0x00007ffc3dd99000 	C:\Java\jdk-11.0.6\bin\java.dll
0x00007ffc3dd50000 - 0x00007ffc3dd66000 	C:\Java\jdk-11.0.6\bin\zip.dll
0x00007ffc52be0000 - 0x00007ffc52bea000 	C:\Java\jdk-11.0.6\bin\jimage.dll
0x00007ffc67300000 - 0x00007ffc67b5f000 	C:\Windows\System32\SHELL32.dll
0x00007ffc633b0000 - 0x00007ffc63cac000 	C:\Windows\SYSTEM32\windows.storage.dll
0x00007ffc63270000 - 0x00007ffc633af000 	C:\Windows\SYSTEM32\wintypes.dll
0x00007ffc65e70000 - 0x00007ffc65f64000 	C:\Windows\System32\SHCORE.dll
0x00007ffc68090000 - 0x00007ffc680ee000 	C:\Windows\System32\shlwapi.dll
0x00007ffc65390000 - 0x00007ffc653b1000 	C:\Windows\SYSTEM32\profapi.dll
0x00007ffc3dd30000 - 0x00007ffc3dd49000 	C:\Java\jdk-11.0.6\bin\net.dll
0x00007ffc608c0000 - 0x00007ffc609f6000 	C:\Windows\SYSTEM32\WINHTTP.dll
0x00007ffc64900000 - 0x00007ffc64969000 	C:\Windows\system32\mswsock.dll
0x00007ffc3aa80000 - 0x00007ffc3aa93000 	C:\Java\jdk-11.0.6\bin\nio.dll
0x00007ffc3e150000 - 0x00007ffc3e177000 	C:\Users\nobelleon\.gradle\native\e1d6ef7f7dcc3fd88c89a11ec53ec762bb8ba0a96d01ffa2cd45eb1d1d8dd5c5\windows-amd64\native-platform.dll
0x00007ffc1e8c0000 - 0x00007ffc1ea04000 	C:\Users\nobelleon\.gradle\native\0d407fdbe67a94daf76414ababcb853783967236a71b16ec16e742cd7a986fd3\windows-amd64\native-platform-file-events.dll
0x00007ffc52b60000 - 0x00007ffc52b69000 	C:\Java\jdk-11.0.6\bin\management.dll
0x00007ffc52a40000 - 0x00007ffc52a4c000 	C:\Java\jdk-11.0.6\bin\management_ext.dll
0x00007ffc64b60000 - 0x00007ffc64b7b000 	C:\Windows\SYSTEM32\CRYPTSP.dll
0x00007ffc643f0000 - 0x00007ffc64425000 	C:\Windows\system32\rsaenh.dll
0x00007ffc64a00000 - 0x00007ffc64a28000 	C:\Windows\SYSTEM32\USERENV.dll
0x00007ffc64b80000 - 0x00007ffc64b8c000 	C:\Windows\SYSTEM32\CRYPTBASE.dll
0x00007ffc63f50000 - 0x00007ffc63f7d000 	C:\Windows\SYSTEM32\IPHLPAPI.DLL
0x00007ffc668b0000 - 0x00007ffc668b9000 	C:\Windows\System32\NSI.dll
0x00007ffc5faf0000 - 0x00007ffc5fb09000 	C:\Windows\SYSTEM32\dhcpcsvc6.DLL
0x00007ffc5f870000 - 0x00007ffc5f88f000 	C:\Windows\SYSTEM32\dhcpcsvc.DLL
0x00007ffc63f80000 - 0x00007ffc64078000 	C:\Windows\SYSTEM32\DNSAPI.dll

dbghelp: loaded successfully - version: 4.0.5 - missing functions: none
symbol engine: initialized successfully - sym options: 0x614 - pdb path: .;C:\Java\jdk-11.0.6\bin;C:\Windows\SYSTEM32;C:\Windows\WinSxS\amd64_microsoft.windows.common-controls_6595b64144ccf1df_6.0.22621.3672_none_2713b9d173822955;C:\Java\jdk-11.0.6\bin\server;C:\Users\nobelleon\.gradle\native\e1d6ef7f7dcc3fd88c89a11ec53ec762bb8ba0a96d01ffa2cd45eb1d1d8dd5c5\windows-amd64;C:\Users\nobelleon\.gradle\native\0d407fdbe67a94daf76414ababcb853783967236a71b16ec16e742cd7a986fd3\windows-amd64

VM Arguments:
jvm_args: --add-opens=java.base/java.util=ALL-UNNAMED --add-opens=java.base/java.lang=ALL-UNNAMED --add-opens=java.base/java.lang.invoke=ALL-UNNAMED --add-opens=java.base/java.util=ALL-UNNAMED --add-opens=java.prefs/java.util.prefs=ALL-UNNAMED --add-opens=java.prefs/java.util.prefs=ALL-UNNAMED --add-opens=java.base/java.nio.charset=ALL-UNNAMED --add-opens=java.base/java.net=ALL-UNNAMED --add-opens=java.base/java.util.concurrent.atomic=ALL-UNNAMED -Xmx1536M -Dfile.encoding=windows-1252 -Duser.country=US -Duser.language=en -Duser.variant 
java_command: org.gradle.launcher.daemon.bootstrap.GradleDaemon 7.5
java_class_path (initial): C:\Users\nobelleon\.gradle\wrapper\dists\gradle-7.5-all\6qsw290k5lz422uaf8jf6m7co\gradle-7.5\lib\gradle-launcher-7.5.jar
Launcher Type: SUN_STANDARD

[Global flags]
     intx CICompilerCount                          = 3                                         {product} {ergonomic}
     uint ConcGCThreads                            = 1                                         {product} {ergonomic}
     uint G1ConcRefinementThreads                  = 4                                         {product} {ergonomic}
   size_t G1HeapRegionSize                         = 1048576                                   {product} {ergonomic}
    uintx GCDrainStackTargetSize                   = 64                                        {product} {ergonomic}
   size_t InitialHeapSize                          = 62914560                                  {product} {ergonomic}
   size_t MarkStackSize                            = 4194304                                   {product} {ergonomic}
   size_t MaxHeapSize                              = 1610612736                                {product} {command line}
   size_t MaxNewSize                               = 965738496                                 {product} {ergonomic}
   size_t MinHeapDeltaBytes                        = 1048576                                   {product} {ergonomic}
    uintx NonNMethodCodeHeapSize                   = 5830732                                {pd product} {ergonomic}
    uintx NonProfiledCodeHeapSize                  = 122913754                              {pd product} {ergonomic}
    uintx ProfiledCodeHeapSize                     = 122913754                              {pd product} {ergonomic}
    uintx ReservedCodeCacheSize                    = 251658240                              {pd product} {ergonomic}
     bool SegmentedCodeCache                       = true                                      {product} {ergonomic}
     bool UseCompressedClassPointers               = true                                 {lp64_product} {ergonomic}
     bool UseCompressedOops                        = true                                 {lp64_product} {ergonomic}
     bool UseG1GC                                  = true                                      {product} {ergonomic}
     bool UseLargePagesIndividualAllocation        = false                                  {pd product} {ergonomic}

Logging:
Log output configuration:
 #0: stdout all=warning uptime,level,tags
 #1: stderr all=off uptime,level,tags

Environment Variables:
JAVA_HOME=C:\Android\Android Studio\jre
CLASSPATH=D:\Game Piano Tiles 2 App Project\game_piano_tiles_2_app\android\\gradle\wrapper\gradle-wrapper.jar
PATH=C:\flutter375\bin\;C:\Program Files (x86)\Common Files\Oracle\Java\javapath;C:\Windows\system32;C:\Windows;C:\Windows\System32\Wbem;C:\Windows\System32\WindowsPowerShell\v1.0\;C:\Windows\System32\OpenSSH\;C:\Program Files\Git\cmd;C:\Java\jdk-1.8\bin;C:\Program Files\nodejs\;C:\Users\nobelleon\AppData\Local\Pub\Cache\bin;C:\All Software\Google\Cloud SDK\google-cloud-sdk\bin;C:\xampp\php;C:\ProgramData\ComposerSetup\bin;C:\openssl-0.9.8k_WIN32\bin;;C:\ProgramData\chocolatey\bin;C:\Users\nobelleon\AppData\Local\Microsoft\WindowsApps;C:\Android\Android Studio\jre;C:\Users\nobelleon\AppData\Local\Android\sdk;C:\Program Files\Git\bin\git.exe;C:\Program Files\Git\cmd;C:\Windows\System32;C:\flutter375\bin;C:\Users\nobelleon\AppData\Local\Pub\Cache\bin;C:\Java\jre-1.8\bin;C:\Java\jdk-1.8\bin;C:\Users\nobelleon\AppData\Roaming\npm;C:\Users\nobelleon\AppData\Roaming\npm;C:\Users\nobelleon\AppData\Roaming\npm;C:\Users\nobelleon\AppData\Roaming\Composer\vendor\bin;C:\openssl-0.9.8k_WIN32\bin;C:\Dart344\tools\dart-sdk\bin;C:\Users\nobelleon\AppData\Local\Programs\Microsoft VS Code\bin;C:\flutter375\bin\mingit\cmd
USERNAME=nobelleon
OS=Windows_NT
PROCESSOR_IDENTIFIER=Intel64 Family 6 Model 126 Stepping 5, GenuineIntel



---------------  S Y S T E M  ---------------

OS: Windows 10 , 64 bit Build 22621 (10.0.22621.3672)

CPU:total 4 (initial active 4) (2 cores per cpu, 2 threads per core) family 6 model 126 stepping 5, cmov, cx8, fxsr, mmx, sse, sse2, sse3, ssse3, sse4.1, sse4.2, popcnt, avx, avx2, aes, clmul, erms, 3dnowpref, lzcnt, ht, tsc, tscinvbit, bmi1, bmi2, adx, evex, sha, fma

Memory: 4k page, system-wide physical 3784M (241M free)
TotalPageFile size 15560M (AvailPageFile size 0M)
current process WorkingSet (physical memory assigned to process): 223M, peak: 560M
current process commit charge ("private bytes"): 657M, peak: 732M

vm_info: Java HotSpot(TM) 64-Bit Server VM (11.0.6+8-LTS) for windows-amd64 JRE (11.0.6+8-LTS), built on Dec 11 2019 09:17:57 by "mach5one" with MS VC++ 15.5 (VS2017)

END.
